Using pre-set license
Built from '2021.3/staging' branch; Version is '2021.3.19f1 (c9714fde33b6) revision 13201743'; Using compiler version '192829333'; Build Type 'Release'
OS: 'Windows 11  (10.0.22000) 64bit Enterprise' Language: 'ru' Physical Memory: 16221 MB
BatchMode: 1, IsHumanControllingUs: 0, StartBugReporterOnCrash: 0, Is64bit: 1, IsPro: 1

COMMAND LINE ARGUMENTS:
C:\Program Files\Unity\Hub\Editor\2021.3.19f1\Editor\Unity.exe
-adb2
-batchMode
-noUpm
-name
AssetImportWorker4
-projectPath
C:/Users/savto/OneDrive/Documents/GitHub/rogue/Rogue
-logFile
Logs/AssetImportWorker4.log
-srvPort
62896
Successfully changed project path to: C:/Users/savto/OneDrive/Documents/GitHub/rogue/Rogue
C:/Users/savto/OneDrive/Documents/GitHub/rogue/Rogue
[UnityMemory] Configuration Parameters - Can be set up in boot.config
    "memorysetup-bucket-allocator-granularity=16"
    "memorysetup-bucket-allocator-bucket-count=8"
    "memorysetup-bucket-allocator-block-size=33554432"
    "memorysetup-bucket-allocator-block-count=8"
    "memorysetup-main-allocator-block-size=16777216"
    "memorysetup-thread-allocator-block-size=16777216"
    "memorysetup-gfx-main-allocator-block-size=16777216"
    "memorysetup-gfx-thread-allocator-block-size=16777216"
    "memorysetup-cache-allocator-block-size=4194304"
    "memorysetup-typetree-allocator-block-size=2097152"
    "memorysetup-profiler-bucket-allocator-granularity=16"
    "memorysetup-profiler-bucket-allocator-bucket-count=8"
    "memorysetup-profiler-bucket-allocator-block-size=33554432"
    "memorysetup-profiler-bucket-allocator-block-count=8"
    "memorysetup-profiler-allocator-block-size=16777216"
    "memorysetup-profiler-editor-allocator-block-size=1048576"
    "memorysetup-temp-allocator-size-main=16777216"
    "memorysetup-job-temp-allocator-block-size=2097152"
    "memorysetup-job-temp-allocator-block-size-background=1048576"
    "memorysetup-job-temp-allocator-reduction-small-platforms=262144"
    "memorysetup-temp-allocator-size-background-worker=32768"
    "memorysetup-temp-allocator-size-job-worker=262144"
    "memorysetup-temp-allocator-size-preload-manager=33554432"
    "memorysetup-temp-allocator-size-nav-mesh-worker=65536"
    "memorysetup-temp-allocator-size-audio-worker=65536"
    "memorysetup-temp-allocator-size-cloud-worker=32768"
    "memorysetup-temp-allocator-size-gi-baking-worker=262144"
    "memorysetup-temp-allocator-size-gfx=262144"
Player connection [22312] Host "[IP] 192.168.56.1 [Port] 0 [Flags] 2 [Guid] 257138626 [EditorId] 257138626 [Version] 1048832 [Id] WindowsEditor(7,asolovyevv) [Debug] 1 [PackageName] WindowsEditor [ProjectName] Editor" joined multi-casting on [225.0.0.222:54997]...

Player connection [22312] Host "[IP] 192.168.56.1 [Port] 0 [Flags] 2 [Guid] 257138626 [EditorId] 257138626 [Version] 1048832 [Id] WindowsEditor(7,asolovyevv) [Debug] 1 [PackageName] WindowsEditor [ProjectName] Editor" joined alternative multi-casting on [225.0.0.222:34997]...

Refreshing native plugins compatible for Editor in 198.47 ms, found 3 plugins.
Preloading 0 native plugins for Editor in 0.00 ms.
Initialize engine version: 2021.3.19f1 (c9714fde33b6)
[Subsystems] Discovering subsystems at path C:/Program Files/Unity/Hub/Editor/2021.3.19f1/Editor/Data/Resources/UnitySubsystems
[Subsystems] Discovering subsystems at path C:/Users/savto/OneDrive/Documents/GitHub/rogue/Rogue/Assets
GfxDevice: creating device client; threaded=0; jobified=0
Direct3D:
    Version:  Direct3D 11.0 [level 11.1]
    Renderer: NVIDIA GeForce GTX 1650 (ID=0x1f99)
    Vendor:   NVIDIA
    VRAM:     3950 MB
    Driver:   31.0.15.2698
Initialize mono
Mono path[0] = 'C:/Program Files/Unity/Hub/Editor/2021.3.19f1/Editor/Data/Managed'
Mono path[1] = 'C:/Program Files/Unity/Hub/Editor/2021.3.19f1/Editor/Data/MonoBleedingEdge/lib/mono/unityjit-win32'
Mono config path = 'C:/Program Files/Unity/Hub/Editor/2021.3.19f1/Editor/Data/MonoBleedingEdge/etc'
Using monoOptions --debugger-agent=transport=dt_socket,embedding=1,server=y,suspend=n,address=127.0.0.1:56812
Begin MonoManager ReloadAssembly
Registering precompiled unity dll's ...
Register platform support module: C:/Program Files/Unity/Hub/Editor/2021.3.19f1/Editor/Data/PlaybackEngines/WebGLSupport/UnityEditor.WebGL.Extensions.dll
Register platform support module: C:/Program Files/Unity/Hub/Editor/2021.3.19f1/Editor/Data/PlaybackEngines/WindowsStandaloneSupport/UnityEditor.WindowsStandalone.Extensions.dll
Registered in 0.007891 seconds.
Native extension for WindowsStandalone target not found
Native extension for WebGL target not found
Refreshing native plugins compatible for Editor in 114.02 ms, found 3 plugins.
Preloading 0 native plugins for Editor in 0.00 ms.
Mono: successfully reloaded assembly
- Completed reload, in  1.122 seconds
Domain Reload Profiling:
	ReloadAssembly (1123ms)
		BeginReloadAssembly (171ms)
			ExecutionOrderSort (0ms)
			DisableScriptedObjects (0ms)
			BackupInstance (0ms)
			ReleaseScriptingObjects (0ms)
			CreateAndSetChildDomain (1ms)
		EndReloadAssembly (746ms)
			LoadAssemblies (166ms)
			RebuildTransferFunctionScriptingTraits (0ms)
			SetupTypeCache (125ms)
			ReleaseScriptCaches (0ms)
			RebuildScriptCaches (39ms)
			SetupLoadedEditorAssemblies (522ms)
				LogAssemblyErrors (0ms)
				InitializePlatformSupportModulesInManaged (9ms)
				SetLoadedEditorAssemblies (0ms)
				RefreshPlugins (114ms)
				BeforeProcessingInitializeOnLoad (3ms)
				ProcessInitializeOnLoadAttributes (312ms)
				ProcessInitializeOnLoadMethodAttributes (84ms)
				AfterProcessingInitializeOnLoad (0ms)
				EditorAssembliesLoaded (0ms)
			ExecutionOrderSort2 (0ms)
			AwakeInstancesAfterBackupRestoration (0ms)
Platform modules already initialized, skipping
Registering precompiled user dll's ...
Registered in 0.004063 seconds.
Begin MonoManager ReloadAssembly
Symbol file LoadedFromMemory doesn't match image C:\Users\savto\OneDrive\Documents\GitHub\rogue\Rogue\Library\PackageCache\com.unity.visualscripting@1.8.0\Editor\VisualScripting.Core\Dependencies\YamlDotNet\Unity.VisualScripting.YamlDotNet.dll
Symbol file LoadedFromMemory doesn't match image C:\Users\savto\OneDrive\Documents\GitHub\rogue\Rogue\Library\PackageCache\com.unity.visualscripting@1.8.0\Editor\VisualScripting.Core\Dependencies\DotNetZip\Unity.VisualScripting.IonicZip.dll
Native extension for WindowsStandalone target not found
Native extension for WebGL target not found
Refreshing native plugins compatible for Editor in 0.98 ms, found 3 plugins.
Preloading 0 native plugins for Editor in 0.00 ms.
Mono: successfully reloaded assembly
Package Manager log level set to [2]
- Completed reload, in  1.043 seconds
Domain Reload Profiling:
	ReloadAssembly (1044ms)
		BeginReloadAssembly (117ms)
			ExecutionOrderSort (0ms)
			DisableScriptedObjects (6ms)
			BackupInstance (0ms)
			ReleaseScriptingObjects (0ms)
			CreateAndSetChildDomain (26ms)
		EndReloadAssembly (812ms)
			LoadAssemblies (78ms)
			RebuildTransferFunctionScriptingTraits (0ms)
			SetupTypeCache (239ms)
			ReleaseScriptCaches (1ms)
			RebuildScriptCaches (65ms)
			SetupLoadedEditorAssemblies (382ms)
				LogAssemblyErrors (0ms)
				InitializePlatformSupportModulesInManaged (8ms)
				SetLoadedEditorAssemblies (1ms)
				RefreshPlugins (1ms)
				BeforeProcessingInitializeOnLoad (101ms)
				ProcessInitializeOnLoadAttributes (248ms)
				ProcessInitializeOnLoadMethodAttributes (19ms)
				AfterProcessingInitializeOnLoad (6ms)
				EditorAssembliesLoaded (0ms)
			ExecutionOrderSort2 (0ms)
			AwakeInstancesAfterBackupRestoration (7ms)
Platform modules already initialized, skipping
========================================================================
Worker process is ready to serve import requests
Launched and connected shader compiler UnityShaderCompiler.exe after 0.04 seconds
Refreshing native plugins compatible for Editor in 0.83 ms, found 3 plugins.
Preloading 0 native plugins for Editor in 0.00 ms.
Unloading 3163 Unused Serialized files (Serialized files now loaded: 0)
Unloading 37 unused Assets / (87.7 KB). Loaded Objects now: 3610.
Memory consumption went from 112.6 MB to 112.5 MB.
Total: 3.925600 ms (FindLiveObjects: 0.356000 ms CreateObjectMapping: 0.395000 ms MarkObjects: 3.066200 ms  DeleteObjects: 0.107200 ms)

AssetImportParameters requested are different than current active one (requested -> active):
  custom:video-decoder-ogg-theora: a1e56fd34408186e4bbccfd4996cb3dc -> 
  custom:container-muxer-webm: aa71ff27fc2769a1b78a27578f13a17b -> 
  custom:container-demuxer-webm: 4f35f7cbe854078d1ac9338744f61a02 -> 
  custom:video-encoder-webm-vp8: eb34c28f22e8b96e1ab97ce403110664 -> 
  custom:audio-encoder-webm-vorbis: bf7c407c2cedff20999df2af8eb42d56 -> 
  custom:framework-win-MediaFoundation: 216162199b28c13a410421893ffa2e32 -> 
  custom:container-demuxer-ogg: 62fdf1f143b41e24485cea50d1cbac27 -> 
  custom:video-decoder-webm-vp8: 9c59270c3fd7afecdb556c50c9e8de78 -> 
  custom:audio-decoder-ogg-vorbis: bf7c407c2cedff20999df2af8eb42d56 -> 
========================================================================
Received Import Request.
  Time since last request: 5194.798951 seconds.
  path: Assets/Models/fbx/scaffold_medium_cornerLeft.fbx
  artifactKey: Guid(5e3da3c9897e9d548baf1fe8ed14b62a) Importer(815301076,1909f56bfc062723c751e8b465ee728b)
Start importing Assets/Models/fbx/scaffold_medium_cornerLeft.fbx using Guid(5e3da3c9897e9d548baf1fe8ed14b62a) Importer(815301076,1909f56bfc062723c751e8b465ee728b)  -> (artifact id: '280abcd0c9aaa84d043d665656201fc5') in 0.399426 seconds 
========================================================================
Received Import Request.
  Time since last request: 0.661039 seconds.
  path: Assets/Models/fbx/scaffold_high.fbx
  artifactKey: Guid(ccf44f8fe7e74fb42b9d307d45b90102) Importer(815301076,1909f56bfc062723c751e8b465ee728b)
Start importing Assets/Models/fbx/scaffold_high.fbx using Guid(ccf44f8fe7e74fb42b9d307d45b90102) Importer(815301076,1909f56bfc062723c751e8b465ee728b)  -> (artifact id: '0b9f3a14bae4dc7abe31e1adce71430b') in 0.078080 seconds 
========================================================================
Received Import Request.
  Time since last request: 0.000065 seconds.
  path: Assets/Models/fbx/scaffold_low_railing.fbx
  artifactKey: Guid(75f57bb44df5f7a4b9cb3cbe7e841c89) Importer(815301076,1909f56bfc062723c751e8b465ee728b)
Start importing Assets/Models/fbx/scaffold_low_railing.fbx using Guid(75f57bb44df5f7a4b9cb3cbe7e841c89) Importer(815301076,1909f56bfc062723c751e8b465ee728b)  -> (artifact id: '47646ca5392a63a86789339f2473756e') in 0.054891 seconds 
========================================================================
Received Import Request.
  Time since last request: 0.000040 seconds.
  path: Assets/Models/fbx/scaffold_low.fbx
  artifactKey: Guid(d87a8bc89b09954429b30acb3b936f24) Importer(815301076,1909f56bfc062723c751e8b465ee728b)
Start importing Assets/Models/fbx/scaffold_low.fbx using Guid(d87a8bc89b09954429b30acb3b936f24) Importer(815301076,1909f56bfc062723c751e8b465ee728b)  -> (artifact id: '0a4061635e7086b6e186cf13357ff4c8') in 0.036097 seconds 
========================================================================
Received Import Request.
  Time since last request: 0.000085 seconds.
  path: Assets/Models/fbx/scaffold_low_cornerRight.fbx
  artifactKey: Guid(b2bf7dbf09b6b7944a0317ed892b5546) Importer(815301076,1909f56bfc062723c751e8b465ee728b)
Start importing Assets/Models/fbx/scaffold_low_cornerRight.fbx using Guid(b2bf7dbf09b6b7944a0317ed892b5546) Importer(815301076,1909f56bfc062723c751e8b465ee728b)  -> (artifact id: 'cf26b851629457f32f0bdeec910c2966') in 0.050394 seconds 
========================================================================
Received Import Request.
  Time since last request: 0.004922 seconds.
  path: Assets/Models/fbx/potionLarge_green.fbx
  artifactKey: Guid(48930c17159cc8e458e0c4db4282ceaf) Importer(815301076,1909f56bfc062723c751e8b465ee728b)
Start importing Assets/Models/fbx/potionLarge_green.fbx using Guid(48930c17159cc8e458e0c4db4282ceaf) Importer(815301076,1909f56bfc062723c751e8b465ee728b)  -> (artifact id: 'd75c76e0f77fbbf542ed6d7a765c3843') in 0.398751 seconds 
========================================================================
Received Import Request.
  Time since last request: 0.000035 seconds.
  path: Assets/Models/fbx/quiver_full.fbx
  artifactKey: Guid(e0429fb4909b3644ba8c482df87b2019) Importer(815301076,1909f56bfc062723c751e8b465ee728b)
Start importing Assets/Models/fbx/quiver_full.fbx using Guid(e0429fb4909b3644ba8c482df87b2019) Importer(815301076,1909f56bfc062723c751e8b465ee728b)  -> (artifact id: '3710707c2bc38b8943e0249fb485abdc') in 0.046203 seconds 
========================================================================
Received Import Request.
  Time since last request: 0.000039 seconds.
  path: Assets/Models/fbx/potionMedium_green.fbx
  artifactKey: Guid(41ebdc62ced5eec499a01057827638b0) Importer(815301076,1909f56bfc062723c751e8b465ee728b)
Start importing Assets/Models/fbx/potionMedium_green.fbx using Guid(41ebdc62ced5eec499a01057827638b0) Importer(815301076,1909f56bfc062723c751e8b465ee728b)  -> (artifact id: 'f9b6b19a5f9bd8e6252f05e1839aabc2') in 0.051058 seconds 
========================================================================
Received Import Request.
  Time since last request: 0.000030 seconds.
  path: Assets/Models/fbx/quiver_half_full.fbx
  artifactKey: Guid(ad963292f1f510046a558adf14a0f415) Importer(815301076,1909f56bfc062723c751e8b465ee728b)
Start importing Assets/Models/fbx/quiver_half_full.fbx using Guid(ad963292f1f510046a558adf14a0f415) Importer(815301076,1909f56bfc062723c751e8b465ee728b)  -> (artifact id: 'ff31931bde00400ed52957ba0389b7aa') in 0.055245 seconds 
========================================================================
Received Import Request.
  Time since last request: 0.028271 seconds.
  path: Assets/Models/fbx/pillar.fbx
  artifactKey: Guid(6ca7aa8338f9566418333d23adce6e96) Importer(815301076,1909f56bfc062723c751e8b465ee728b)
Start importing Assets/Models/fbx/pillar.fbx using Guid(6ca7aa8338f9566418333d23adce6e96) Importer(815301076,1909f56bfc062723c751e8b465ee728b)  -> (artifact id: 'b386790b1c1a1dce48ce3409afe370d3') in 0.035465 seconds 
========================================================================
Received Import Request.
  Time since last request: 0.000043 seconds.
  path: Assets/Models/fbx/potC_decorated.fbx
  artifactKey: Guid(79c0e726a0b5b4e44bed42ab099e8a95) Importer(815301076,1909f56bfc062723c751e8b465ee728b)
Start importing Assets/Models/fbx/potC_decorated.fbx using Guid(79c0e726a0b5b4e44bed42ab099e8a95) Importer(815301076,1909f56bfc062723c751e8b465ee728b)  -> (artifact id: '9527c40b187739a32dfbc1be8844d0aa') in 0.053568 seconds 
========================================================================
Received Import Request.
  Time since last request: 0.000129 seconds.
  path: Assets/Models/fbx/plateHalf.fbx
  artifactKey: Guid(c1c18b438a5671843af2aabc774c2812) Importer(815301076,1909f56bfc062723c751e8b465ee728b)
Start importing Assets/Models/fbx/plateHalf.fbx using Guid(c1c18b438a5671843af2aabc774c2812) Importer(815301076,1909f56bfc062723c751e8b465ee728b)  -> (artifact id: '0ac76d7732ea1437e03c7d3952fd4926') in 0.045812 seconds 
========================================================================
Received Import Request.
  Time since last request: 0.000040 seconds.
  path: Assets/Models/fbx/potB.fbx
  artifactKey: Guid(1fd3edc4684479c47b67b39c8aecc05c) Importer(815301076,1909f56bfc062723c751e8b465ee728b)
Start importing Assets/Models/fbx/potB.fbx using Guid(1fd3edc4684479c47b67b39c8aecc05c) Importer(815301076,1909f56bfc062723c751e8b465ee728b)  -> (artifact id: '9db08c4069d6824b015cc6cb6ff38953') in 0.031185 seconds 
========================================================================
Received Import Request.
  Time since last request: 0.000024 seconds.
  path: Assets/Models/fbx/hammer_common.fbx
  artifactKey: Guid(2fa6b7f98fbe6544e8ad70036ecdfcd2) Importer(815301076,1909f56bfc062723c751e8b465ee728b)
Start importing Assets/Models/fbx/hammer_common.fbx using Guid(2fa6b7f98fbe6544e8ad70036ecdfcd2) Importer(815301076,1909f56bfc062723c751e8b465ee728b)  -> (artifact id: '86594cd0b2daa10e78621a2139557b56') in 0.045893 seconds 
========================================================================
Received Import Request.
  Time since last request: 0.000043 seconds.
  path: Assets/Models/fbx/potB_decorated.fbx
  artifactKey: Guid(5640aacaf17c51b4298e385c545b986a) Importer(815301076,1909f56bfc062723c751e8b465ee728b)
Start importing Assets/Models/fbx/potB_decorated.fbx using Guid(5640aacaf17c51b4298e385c545b986a) Importer(815301076,1909f56bfc062723c751e8b465ee728b)  -> (artifact id: 'c683553cce0a810cf96765e68cb46859') in 0.050700 seconds 
========================================================================
Received Import Request.
  Time since last request: 8.878868 seconds.
  path: Assets/Models/fbx/dagger_uncommon.fbx
  artifactKey: Guid(e2b3385fcc8726844b7d446a8343b49c) Importer(815301076,1909f56bfc062723c751e8b465ee728b)
Start importing Assets/Models/fbx/dagger_uncommon.fbx using Guid(e2b3385fcc8726844b7d446a8343b49c) Importer(815301076,1909f56bfc062723c751e8b465ee728b)  -> (artifact id: 'd055ca9e87b4365502f8d1fcf20f80de') in 0.141861 seconds 
========================================================================
Received Import Request.
  Time since last request: 9.336790 seconds.
  path: Assets/Models/obj/chest_uncommon_mimic.obj
  artifactKey: Guid(1d1dde363bb4fc4479bb09a36e6a3bfc) Importer(815301076,1909f56bfc062723c751e8b465ee728b)
Start importing Assets/Models/obj/chest_uncommon_mimic.obj using Guid(1d1dde363bb4fc4479bb09a36e6a3bfc) Importer(815301076,1909f56bfc062723c751e8b465ee728b)  -> (artifact id: '13f8917258b8e6e5146b2c9bd2974cee') in 0.110268 seconds 
========================================================================
Received Import Request.
  Time since last request: 0.000083 seconds.
  path: Assets/Models/obj/coin.obj
  artifactKey: Guid(0baa7a11c6b949345b942046d736c335) Importer(815301076,1909f56bfc062723c751e8b465ee728b)
Start importing Assets/Models/obj/coin.obj using Guid(0baa7a11c6b949345b942046d736c335) Importer(815301076,1909f56bfc062723c751e8b465ee728b)  -> (artifact id: 'b3a4110ce7d077712f330ea20d06b856') in 0.048111 seconds 
========================================================================
Received Import Request.
  Time since last request: 0.000032 seconds.
  path: Assets/Models/obj/cratePlatform_small.obj
  artifactKey: Guid(03bb8a1a750a159468b088483609d719) Importer(815301076,1909f56bfc062723c751e8b465ee728b)
Start importing Assets/Models/obj/cratePlatform_small.obj using Guid(03bb8a1a750a159468b088483609d719) Importer(815301076,1909f56bfc062723c751e8b465ee728b)  -> (artifact id: 'dd4a1a10c0f67f15b0a0095c83e0a118') in 0.056695 seconds 
========================================================================
Received Import Request.
  Time since last request: 0.000025 seconds.
  path: Assets/Models/obj/dagger_uncommon.obj
  artifactKey: Guid(cae8a57f6a5d1b34c8d61f5eae65eb74) Importer(815301076,1909f56bfc062723c751e8b465ee728b)
Start importing Assets/Models/obj/dagger_uncommon.obj using Guid(cae8a57f6a5d1b34c8d61f5eae65eb74) Importer(815301076,1909f56bfc062723c751e8b465ee728b)  -> (artifact id: '6c8878f35d9c4cd05be75025cd7b0625') in 0.062690 seconds 
========================================================================
Received Import Request.
  Time since last request: 0.000028 seconds.
  path: Assets/Models/obj/chestTop_rare.obj
  artifactKey: Guid(6b34c1c27b8677b498deaca2e8f403a2) Importer(815301076,1909f56bfc062723c751e8b465ee728b)
Start importing Assets/Models/obj/chestTop_rare.obj using Guid(6b34c1c27b8677b498deaca2e8f403a2) Importer(815301076,1909f56bfc062723c751e8b465ee728b)  -> (artifact id: '8a914f4d00fde3b2c7ea6795f967beac') in 0.054395 seconds 
========================================================================
Received Import Request.
  Time since last request: 0.000026 seconds.
  path: Assets/Models/obj/crossbow_uncommon.obj
  artifactKey: Guid(2efcd6a64b412da46bf088ac87d982ad) Importer(815301076,1909f56bfc062723c751e8b465ee728b)
Start importing Assets/Models/obj/crossbow_uncommon.obj using Guid(2efcd6a64b412da46bf088ac87d982ad) Importer(815301076,1909f56bfc062723c751e8b465ee728b)  -> (artifact id: 'efeb50f84858c8ab3dc7c3dc7a06e17c') in 0.081445 seconds 
========================================================================
Received Import Request.
  Time since last request: 0.000046 seconds.
  path: Assets/Models/obj/coinsSmall.obj
  artifactKey: Guid(904cb503265de6342a488050e2986f80) Importer(815301076,1909f56bfc062723c751e8b465ee728b)
Start importing Assets/Models/obj/coinsSmall.obj using Guid(904cb503265de6342a488050e2986f80) Importer(815301076,1909f56bfc062723c751e8b465ee728b)  -> (artifact id: 'be116a2bdf4f35c919db8b3d792051ca') in 0.049741 seconds 
========================================================================
Received Import Request.
  Time since last request: 0.000467 seconds.
  path: Assets/Models/obj/dagger_rare.obj
  artifactKey: Guid(a062848e73e18bc4ea8fa4b8b3e9105d) Importer(815301076,1909f56bfc062723c751e8b465ee728b)
Start importing Assets/Models/obj/dagger_rare.obj using Guid(a062848e73e18bc4ea8fa4b8b3e9105d) Importer(815301076,1909f56bfc062723c751e8b465ee728b)  -> (artifact id: '3004f54132771987c896b6f15901513e') in 0.087302 seconds 
========================================================================
Received Import Request.
  Time since last request: 0.459705 seconds.
  path: Assets/Models/obj/chair.obj
  artifactKey: Guid(180e3a151c47db44891235761e193d3d) Importer(815301076,1909f56bfc062723c751e8b465ee728b)
Start importing Assets/Models/obj/chair.obj using Guid(180e3a151c47db44891235761e193d3d) Importer(815301076,1909f56bfc062723c751e8b465ee728b)  -> (artifact id: '1b4552fb9114e96665405d6de26ac9e0') in 0.046934 seconds 
========================================================================
Received Import Request.
  Time since last request: 0.000032 seconds.
  path: Assets/Models/obj/chest_rare_mimic.obj
  artifactKey: Guid(51bcbba4c24902349af775f7b91b932b) Importer(815301076,1909f56bfc062723c751e8b465ee728b)
Start importing Assets/Models/obj/chest_rare_mimic.obj using Guid(51bcbba4c24902349af775f7b91b932b) Importer(815301076,1909f56bfc062723c751e8b465ee728b)  -> (artifact id: '935787583f11b0d5d2c364884483b39e') in 0.082563 seconds 
========================================================================
Received Import Request.
  Time since last request: 0.000055 seconds.
  path: Assets/Models/obj/bookOpenB.obj
  artifactKey: Guid(e88da435070c87e4ea2406a380399495) Importer(815301076,1909f56bfc062723c751e8b465ee728b)
Start importing Assets/Models/obj/bookOpenB.obj using Guid(e88da435070c87e4ea2406a380399495) Importer(815301076,1909f56bfc062723c751e8b465ee728b)  -> (artifact id: '91860e924c6fed12dc764462c849f45c') in 0.069987 seconds 
========================================================================
Received Import Request.
  Time since last request: 0.000032 seconds.
  path: Assets/Models/obj/bookcaseWideFilled.obj
  artifactKey: Guid(f994ecb37123d6947894270ff826155c) Importer(815301076,1909f56bfc062723c751e8b465ee728b)
Start importing Assets/Models/obj/bookcaseWideFilled.obj using Guid(f994ecb37123d6947894270ff826155c) Importer(815301076,1909f56bfc062723c751e8b465ee728b)  -> (artifact id: 'fda205088d67881b642d0bfba51115a3') in 0.094915 seconds 
========================================================================
Received Import Request.
  Time since last request: 0.000039 seconds.
  path: Assets/Models/obj/bookcaseWide.obj
  artifactKey: Guid(f42e3a467e6d3874f835f8988a419591) Importer(815301076,1909f56bfc062723c751e8b465ee728b)
Start importing Assets/Models/obj/bookcaseWide.obj using Guid(f42e3a467e6d3874f835f8988a419591) Importer(815301076,1909f56bfc062723c751e8b465ee728b)  -> (artifact id: 'f43478d39bb7465deb334b196a741b30') in 0.052878 seconds 
========================================================================
Received Import Request.
  Time since last request: 0.000030 seconds.
  path: Assets/Models/obj/bookcaseWideFilled_broken.obj
  artifactKey: Guid(3cade6aca8b02154484c0e4b0e38ca75) Importer(815301076,1909f56bfc062723c751e8b465ee728b)
Start importing Assets/Models/obj/bookcaseWideFilled_broken.obj using Guid(3cade6aca8b02154484c0e4b0e38ca75) Importer(815301076,1909f56bfc062723c751e8b465ee728b)  -> (artifact id: '06385e81d45f05780326a5401dc304b2') in 0.108870 seconds 
========================================================================
Received Import Request.
  Time since last request: 0.787701 seconds.
  path: Assets/Models/obj/hammer_common.obj
  artifactKey: Guid(1cac13a12c335674cb308fe15f992528) Importer(815301076,1909f56bfc062723c751e8b465ee728b)
Start importing Assets/Models/obj/hammer_common.obj using Guid(1cac13a12c335674cb308fe15f992528) Importer(815301076,1909f56bfc062723c751e8b465ee728b)  -> (artifact id: '588643a703845ec06993862070ef94f8') in 0.098470 seconds 
========================================================================
Received Import Request.
  Time since last request: 0.000050 seconds.
  path: Assets/Models/obj/lootSackB.obj
  artifactKey: Guid(c22fd58c8d381e3469f71933eda15eb6) Importer(815301076,1909f56bfc062723c751e8b465ee728b)
Start importing Assets/Models/obj/lootSackB.obj using Guid(c22fd58c8d381e3469f71933eda15eb6) Importer(815301076,1909f56bfc062723c751e8b465ee728b)  -> (artifact id: 'a62ae3ab5e1f58e95acdfef185487d17') in 0.051905 seconds 
========================================================================
Received Import Request.
  Time since last request: 0.000038 seconds.
  path: Assets/Models/obj/lootSackA.obj
  artifactKey: Guid(80bac29d2abc6a44eae0e66404fa1656) Importer(815301076,1909f56bfc062723c751e8b465ee728b)
Start importing Assets/Models/obj/lootSackA.obj using Guid(80bac29d2abc6a44eae0e66404fa1656) Importer(815301076,1909f56bfc062723c751e8b465ee728b)  -> (artifact id: '564a256db0848d4db6871256e853a907') in 0.054911 seconds 
========================================================================
Received Import Request.
  Time since last request: 0.000038 seconds.
  path: Assets/Models/obj/plateHalf.obj
  artifactKey: Guid(1b36b3de1797423448dfef96edf7b2e7) Importer(815301076,1909f56bfc062723c751e8b465ee728b)
Start importing Assets/Models/obj/plateHalf.obj using Guid(1b36b3de1797423448dfef96edf7b2e7) Importer(815301076,1909f56bfc062723c751e8b465ee728b)  -> (artifact id: '58cda9cee342469bd47803f617aa49d1') in 0.062377 seconds 
========================================================================
Received Import Request.
  Time since last request: 0.193530 seconds.
  path: Assets/Models/obj/potA_decorated.obj
  artifactKey: Guid(c745926c3c37afd47bacdc0da55887e6) Importer(815301076,1909f56bfc062723c751e8b465ee728b)
Start importing Assets/Models/obj/potA_decorated.obj using Guid(c745926c3c37afd47bacdc0da55887e6) Importer(815301076,1909f56bfc062723c751e8b465ee728b)  -> (artifact id: '828ee769d26f6b4185bd4c8b0ab36a12') in 0.114378 seconds 
========================================================================
Received Import Request.
  Time since last request: 0.000043 seconds.
  path: Assets/Models/obj/potC.obj
  artifactKey: Guid(20266d818e7f9c84597e7b9c46007a0f) Importer(815301076,1909f56bfc062723c751e8b465ee728b)
Start importing Assets/Models/obj/potC.obj using Guid(20266d818e7f9c84597e7b9c46007a0f) Importer(815301076,1909f56bfc062723c751e8b465ee728b)  -> (artifact id: 'c754034ecafa8ac13880fed0ab60e1f3') in 0.048589 seconds 
========================================================================
Received Import Request.
  Time since last request: 0.156582 seconds.
  path: Assets/Models/obj/potionLarge_green.obj
  artifactKey: Guid(28ea1bcbdc74f874a814753bf7f4be82) Importer(815301076,1909f56bfc062723c751e8b465ee728b)
Start importing Assets/Models/obj/potionLarge_green.obj using Guid(28ea1bcbdc74f874a814753bf7f4be82) Importer(815301076,1909f56bfc062723c751e8b465ee728b)  -> (artifact id: '98916972c3536a5ee18a492a65b4d90b') in 0.143229 seconds 
========================================================================
Received Import Request.
  Time since last request: 0.000038 seconds.
  path: Assets/Models/obj/potionMedium_red.obj
  artifactKey: Guid(8b798af3cc140f14b9b9b7c31faa6125) Importer(815301076,1909f56bfc062723c751e8b465ee728b)
Start importing Assets/Models/obj/potionMedium_red.obj using Guid(8b798af3cc140f14b9b9b7c31faa6125) Importer(815301076,1909f56bfc062723c751e8b465ee728b)  -> (artifact id: '7cec5a689b0821d8150e1b4d95245033') in 0.062311 seconds 
========================================================================
Received Import Request.
  Time since last request: 0.000126 seconds.
  path: Assets/Models/obj/potionSmall_red.obj
  artifactKey: Guid(466478a023f0725489c084514d74f625) Importer(815301076,1909f56bfc062723c751e8b465ee728b)
Start importing Assets/Models/obj/potionSmall_red.obj using Guid(466478a023f0725489c084514d74f625) Importer(815301076,1909f56bfc062723c751e8b465ee728b)  -> (artifact id: '23171b9acbd71f76571532b5a26f901f') in 0.074511 seconds 
========================================================================
Received Import Request.
  Time since last request: 0.000066 seconds.
  path: Assets/Models/obj/scaffold_high_railing.obj
  artifactKey: Guid(d0f5fb59bac3c12478a42b75d65cc402) Importer(815301076,1909f56bfc062723c751e8b465ee728b)
Start importing Assets/Models/obj/scaffold_high_railing.obj using Guid(d0f5fb59bac3c12478a42b75d65cc402) Importer(815301076,1909f56bfc062723c751e8b465ee728b)  -> (artifact id: 'd3688d73c0c4debfb762e41f86e7aaff') in 0.051333 seconds 
========================================================================
Received Import Request.
  Time since last request: 0.000028 seconds.
  path: Assets/Models/obj/potionSmall_blue.obj
  artifactKey: Guid(2f2644040acfa5e499c31e4333bb88e0) Importer(815301076,1909f56bfc062723c751e8b465ee728b)
Start importing Assets/Models/obj/potionSmall_blue.obj using Guid(2f2644040acfa5e499c31e4333bb88e0) Importer(815301076,1909f56bfc062723c751e8b465ee728b)  -> (artifact id: 'e44a64b89b521fcd9c8f0f765a03e936') in 0.064812 seconds 
========================================================================
Received Import Request.
  Time since last request: 0.000043 seconds.
  path: Assets/Models/obj/scaffold_high_cornerLeft.obj
  artifactKey: Guid(3927ff30fe94b7142979f89114f0902c) Importer(815301076,1909f56bfc062723c751e8b465ee728b)
Start importing Assets/Models/obj/scaffold_high_cornerLeft.obj using Guid(3927ff30fe94b7142979f89114f0902c) Importer(815301076,1909f56bfc062723c751e8b465ee728b)  -> (artifact id: '72347cea7812409878a2501e8f1510f1') in 0.050794 seconds 
========================================================================
Received Import Request.
  Time since last request: 0.043952 seconds.
  path: Assets/Models/obj/scaffold_low_cornerBoth.obj
  artifactKey: Guid(004f9214cef3e97498ce0b1c884a0f19) Importer(815301076,1909f56bfc062723c751e8b465ee728b)
Start importing Assets/Models/obj/scaffold_low_cornerBoth.obj using Guid(004f9214cef3e97498ce0b1c884a0f19) Importer(815301076,1909f56bfc062723c751e8b465ee728b)  -> (artifact id: '79b0a1fbb292fcf359b7b031755b2d1e') in 0.028708 seconds 
========================================================================
Received Import Request.
  Time since last request: 0.000027 seconds.
  path: Assets/Models/obj/scaffold_medium.obj
  artifactKey: Guid(693417f02f7c00f4c91ebe9853dcaea2) Importer(815301076,1909f56bfc062723c751e8b465ee728b)
Start importing Assets/Models/obj/scaffold_medium.obj using Guid(693417f02f7c00f4c91ebe9853dcaea2) Importer(815301076,1909f56bfc062723c751e8b465ee728b)  -> (artifact id: 'c06a064c8d764eee06dd804b1ddc4a6e') in 0.042338 seconds 
========================================================================
Received Import Request.
  Time since last request: 0.000084 seconds.
  path: Assets/Models/obj/scaffold_medium_railing.obj
  artifactKey: Guid(3d6f2a6edac0773429b17d69fa1db36f) Importer(815301076,1909f56bfc062723c751e8b465ee728b)
Start importing Assets/Models/obj/scaffold_medium_railing.obj using Guid(3d6f2a6edac0773429b17d69fa1db36f) Importer(815301076,1909f56bfc062723c751e8b465ee728b)  -> (artifact id: '137fb3d4a56da8eb7ccc1141f3acd52c') in 0.036051 seconds 
========================================================================
Received Import Request.
  Time since last request: 0.000026 seconds.
  path: Assets/Models/obj/scaffold_small_low_cornerLeft.obj
  artifactKey: Guid(5583490f87119fb41b816dc634975c14) Importer(815301076,1909f56bfc062723c751e8b465ee728b)
Start importing Assets/Models/obj/scaffold_small_low_cornerLeft.obj using Guid(5583490f87119fb41b816dc634975c14) Importer(815301076,1909f56bfc062723c751e8b465ee728b)  -> (artifact id: 'c019aaad014cc9fdc6bd225d7a25251b') in 0.040389 seconds 
========================================================================
Received Import Request.
  Time since last request: 0.000032 seconds.
  path: Assets/Models/obj/scaffold_small_low_cornerRight.obj
  artifactKey: Guid(e56f9e75719028b4b96f910a2fea04c3) Importer(815301076,1909f56bfc062723c751e8b465ee728b)
Start importing Assets/Models/obj/scaffold_small_low_cornerRight.obj using Guid(e56f9e75719028b4b96f910a2fea04c3) Importer(815301076,1909f56bfc062723c751e8b465ee728b)  -> (artifact id: 'df349bb94340add64972ab5f01da2365') in 0.036874 seconds 
========================================================================
Received Import Request.
  Time since last request: 0.000040 seconds.
  path: Assets/Models/obj/scaffold_medium_cornerRight.obj
  artifactKey: Guid(27c29df5ad0b3e34592ed857ddcb81fc) Importer(815301076,1909f56bfc062723c751e8b465ee728b)
Start importing Assets/Models/obj/scaffold_medium_cornerRight.obj using Guid(27c29df5ad0b3e34592ed857ddcb81fc) Importer(815301076,1909f56bfc062723c751e8b465ee728b)  -> (artifact id: '6e33b9c8763ca1c94a6dd765d4f3252d') in 0.038770 seconds 
========================================================================
Received Import Request.
  Time since last request: 0.295007 seconds.
  path: Assets/Models/obj/scaffold_small_low_long.obj
  artifactKey: Guid(d5237503b79b86946b9ed99d5859b091) Importer(815301076,1909f56bfc062723c751e8b465ee728b)
Start importing Assets/Models/obj/scaffold_small_low_long.obj using Guid(d5237503b79b86946b9ed99d5859b091) Importer(815301076,1909f56bfc062723c751e8b465ee728b)  -> (artifact id: 'bdc8204ac5cdb25a25ef621ba95b4dcb') in 0.088193 seconds 
========================================================================
Received Import Request.
  Time since last request: 0.000045 seconds.
  path: Assets/Models/obj/scaffold_small_medium_cornerRight.obj
  artifactKey: Guid(354120cd303540640b0bcca87ff50765) Importer(815301076,1909f56bfc062723c751e8b465ee728b)
Start importing Assets/Models/obj/scaffold_small_medium_cornerRight.obj using Guid(354120cd303540640b0bcca87ff50765) Importer(815301076,1909f56bfc062723c751e8b465ee728b)  -> (artifact id: '9c16c7c3205ce5c1890cb4f803baec8a') in 0.044673 seconds 
========================================================================
Received Import Request.
  Time since last request: 0.000034 seconds.
  path: Assets/Models/obj/scaffold_small_medium_long.obj
  artifactKey: Guid(f798a490b9e44994a9c18023353d25d6) Importer(815301076,1909f56bfc062723c751e8b465ee728b)
Start importing Assets/Models/obj/scaffold_small_medium_long.obj using Guid(f798a490b9e44994a9c18023353d25d6) Importer(815301076,1909f56bfc062723c751e8b465ee728b)  -> (artifact id: '2f08d2243d8ddc5187fc99dd5bd03fc7') in 0.039555 seconds 
========================================================================
Received Import Request.
  Time since last request: 0.000113 seconds.
  path: Assets/Models/obj/scaffold_small_medium_railing_long.obj
  artifactKey: Guid(1062a2eb8f2a64c4d8b6bcb880f6303b) Importer(815301076,1909f56bfc062723c751e8b465ee728b)
Start importing Assets/Models/obj/scaffold_small_medium_railing_long.obj using Guid(1062a2eb8f2a64c4d8b6bcb880f6303b) Importer(815301076,1909f56bfc062723c751e8b465ee728b)  -> (artifact id: 'f6a2cce794644cae78e6f902542306cc') in 0.042627 seconds 
========================================================================
Received Import Request.
  Time since last request: 0.000035 seconds.
  path: Assets/Models/obj/shield_uncommon.obj
  artifactKey: Guid(115cb84eb97d630469b9fad9482745d2) Importer(815301076,1909f56bfc062723c751e8b465ee728b)
Start importing Assets/Models/obj/shield_uncommon.obj using Guid(115cb84eb97d630469b9fad9482745d2) Importer(815301076,1909f56bfc062723c751e8b465ee728b)  -> (artifact id: '08416e7d53c098bdbfb220c7e6962c2c') in 0.053360 seconds 
========================================================================
Received Import Request.
  Time since last request: 0.000111 seconds.
  path: Assets/Models/obj/staff_rare.obj
  artifactKey: Guid(998f6ebaa6fc52e40806b0964853a878) Importer(815301076,1909f56bfc062723c751e8b465ee728b)
Start importing Assets/Models/obj/staff_rare.obj using Guid(998f6ebaa6fc52e40806b0964853a878) Importer(815301076,1909f56bfc062723c751e8b465ee728b)  -> (artifact id: '41e70fab0620b3e4d2bfe9c690cf06d4') in 0.056163 seconds 
========================================================================
Received Import Request.
  Time since last request: 0.000422 seconds.
  path: Assets/Models/obj/stool.obj
  artifactKey: Guid(0f26c02b8c1bfed4cbbb348876eed97c) Importer(815301076,1909f56bfc062723c751e8b465ee728b)
Start importing Assets/Models/obj/stool.obj using Guid(0f26c02b8c1bfed4cbbb348876eed97c) Importer(815301076,1909f56bfc062723c751e8b465ee728b)  -> (artifact id: '547f0fedb582f75e3d6ad21ff49d6193') in 0.077566 seconds 
========================================================================
Received Import Request.
  Time since last request: 0.000221 seconds.
  path: Assets/Models/obj/sword_common.obj
  artifactKey: Guid(ef4689b8ee7bfab4cae2aba4cf33098f) Importer(815301076,1909f56bfc062723c751e8b465ee728b)
Start importing Assets/Models/obj/sword_common.obj using Guid(ef4689b8ee7bfab4cae2aba4cf33098f) Importer(815301076,1909f56bfc062723c751e8b465ee728b)  -> (artifact id: '56bea919b706c5643c9dc4e1b4fb2337') in 0.071685 seconds 
========================================================================
Received Import Request.
  Time since last request: 0.205593 seconds.
  path: Assets/Models/obj/tableMedium.obj
  artifactKey: Guid(652393eaf401b9440a0e9744873b3c64) Importer(815301076,1909f56bfc062723c751e8b465ee728b)
Start importing Assets/Models/obj/tableMedium.obj using Guid(652393eaf401b9440a0e9744873b3c64) Importer(815301076,1909f56bfc062723c751e8b465ee728b)  -> (artifact id: 'f155bd9e809ff0fa6816bee0b710398f') in 0.099964 seconds 
========================================================================
Received Import Request.
  Time since last request: 0.026707 seconds.
  path: Assets/Models/obj/torch.obj
  artifactKey: Guid(6bc94c8235946ff44b16a9d8bb812140) Importer(815301076,1909f56bfc062723c751e8b465ee728b)
Start importing Assets/Models/obj/torch.obj using Guid(6bc94c8235946ff44b16a9d8bb812140) Importer(815301076,1909f56bfc062723c751e8b465ee728b)  -> (artifact id: 'ce9d984a80fba4e6e87927ca3c9e0dda') in 0.064148 seconds 
========================================================================
Received Import Request.
  Time since last request: 0.000016 seconds.
  path: Assets/Models/obj/wall.obj
  artifactKey: Guid(9ce18d51da10f3143bcc58d1aed0a027) Importer(815301076,1909f56bfc062723c751e8b465ee728b)
Start importing Assets/Models/obj/wall.obj using Guid(9ce18d51da10f3143bcc58d1aed0a027) Importer(815301076,1909f56bfc062723c751e8b465ee728b)  -> (artifact id: '49d2916a23828ad1796d4d3ba2f557e7') in 0.044204 seconds 
========================================================================
Received Import Request.
  Time since last request: 0.000031 seconds.
  path: Assets/Models/obj/wall_window.obj
  artifactKey: Guid(4f84825bd7a91ba4c9b65af16ba362bc) Importer(815301076,1909f56bfc062723c751e8b465ee728b)
Start importing Assets/Models/obj/wall_window.obj using Guid(4f84825bd7a91ba4c9b65af16ba362bc) Importer(815301076,1909f56bfc062723c751e8b465ee728b)  -> (artifact id: 'a8a449034275b1cbbcc99e8a656fbea5') in 0.047621 seconds 
========================================================================
Received Import Request.
  Time since last request: 0.000048 seconds.
  path: Assets/Models/obj/wall_windowGate.obj
  artifactKey: Guid(2a9dc3ca42a89514e856984b6cece2ee) Importer(815301076,1909f56bfc062723c751e8b465ee728b)
Start importing Assets/Models/obj/wall_windowGate.obj using Guid(2a9dc3ca42a89514e856984b6cece2ee) Importer(815301076,1909f56bfc062723c751e8b465ee728b)  -> (artifact id: '22f6bb001956de1c8163ab69aa39c5a3') in 0.055557 seconds 
========================================================================
Received Import Request.
  Time since last request: 0.000038 seconds.
  path: Assets/Models/obj/wallDecorationA.obj
  artifactKey: Guid(7d13d92d05b28ca4aabd625691d0d9dc) Importer(815301076,1909f56bfc062723c751e8b465ee728b)
Start importing Assets/Models/obj/wallDecorationA.obj using Guid(7d13d92d05b28ca4aabd625691d0d9dc) Importer(815301076,1909f56bfc062723c751e8b465ee728b)  -> (artifact id: '6ce38d537d0fc2ee51493ccbf873a6b4') in 0.045022 seconds 
========================================================================
Received Import Request.
  Time since last request: 0.000033 seconds.
  path: Assets/Models/obj/wall_end.obj
  artifactKey: Guid(7dcfcf3df4616af4c80410ecbabbf32b) Importer(815301076,1909f56bfc062723c751e8b465ee728b)
Start importing Assets/Models/obj/wall_end.obj using Guid(7dcfcf3df4616af4c80410ecbabbf32b) Importer(815301076,1909f56bfc062723c751e8b465ee728b)  -> (artifact id: 'a0fafcdfe0cbdef37e7c6c241b177ee5') in 0.041778 seconds 
========================================================================
Received Import Request.
  Time since last request: 0.035574 seconds.
  path: Assets/Models/obj/wallSingle.obj
  artifactKey: Guid(d7c48f531d021604fbea220070527994) Importer(815301076,1909f56bfc062723c751e8b465ee728b)
Start importing Assets/Models/obj/wallSingle.obj using Guid(d7c48f531d021604fbea220070527994) Importer(815301076,1909f56bfc062723c751e8b465ee728b)  -> (artifact id: '5fdb8e8f1605b69a920dabc27d213aff') in 0.052869 seconds 
========================================================================
Received Import Request.
  Time since last request: 0.000052 seconds.
  path: Assets/Models/obj/wallSingle_windowGate.obj
  artifactKey: Guid(91a51235f0a544a4c89ba05c18bed719) Importer(815301076,1909f56bfc062723c751e8b465ee728b)
Start importing Assets/Models/obj/wallSingle_windowGate.obj using Guid(91a51235f0a544a4c89ba05c18bed719) Importer(815301076,1909f56bfc062723c751e8b465ee728b)  -> (artifact id: '534ce3fd69d9b10bb80ff96545c335bd') in 0.068837 seconds 
========================================================================
Received Import Request.
  Time since last request: 0.000062 seconds.
  path: Assets/Models/obj/wallSplit.obj
  artifactKey: Guid(d55248d4dec9cab40a8ffb1ca3bd3cdd) Importer(815301076,1909f56bfc062723c751e8b465ee728b)
Start importing Assets/Models/obj/wallSplit.obj using Guid(d55248d4dec9cab40a8ffb1ca3bd3cdd) Importer(815301076,1909f56bfc062723c751e8b465ee728b)  -> (artifact id: '314ce8ad8f599a38e6f7bc87ef2ff825') in 0.053818 seconds 
========================================================================
Received Import Request.
  Time since last request: 0.000222 seconds.
  path: Assets/Models/obj/wallSingle_decorationB.obj
  artifactKey: Guid(ddb715af3d87ced418b91000c42f70d2) Importer(815301076,1909f56bfc062723c751e8b465ee728b)
Start importing Assets/Models/obj/wallSingle_decorationB.obj using Guid(ddb715af3d87ced418b91000c42f70d2) Importer(815301076,1909f56bfc062723c751e8b465ee728b)  -> (artifact id: 'a5cfdabdcb39804b2c787097d0ddf91a') in 0.065096 seconds 
========================================================================
Received Import Request.
  Time since last request: 1554.345727 seconds.
  path: Assets/Models/dae/chunk1.prefab
  artifactKey: Guid(f1d950e1def89864da0b32786d436408) Importer(815301076,1909f56bfc062723c751e8b465ee728b)
Start importing Assets/Models/dae/chunk1.prefab using Guid(f1d950e1def89864da0b32786d436408) Importer(815301076,1909f56bfc062723c751e8b465ee728b)  -> (artifact id: '58daf286fefe448be77e975917304281') in 0.025620 seconds 
========================================================================
Received Import Request.
  Time since last request: 125.068846 seconds.
  path: Assets/chunk1.prefab
  artifactKey: Guid(ecee04ddc99ea104e980c76d18e7e452) Importer(815301076,1909f56bfc062723c751e8b465ee728b)
Start importing Assets/chunk1.prefab using Guid(ecee04ddc99ea104e980c76d18e7e452) Importer(815301076,1909f56bfc062723c751e8b465ee728b)  -> (artifact id: '04e0970931d7847b07f8c62d2df0a548') in 0.013484 seconds 
========================================================================
Received Import Request.
  Time since last request: 38.627547 seconds.
  path: Assets/tileBrickB_largeCrackedA (5).prefab
  artifactKey: Guid(a421c9e8c3b71dc45b2e8ac50d7bab33) Importer(815301076,1909f56bfc062723c751e8b465ee728b)
Start importing Assets/tileBrickB_largeCrackedA (5).prefab using Guid(a421c9e8c3b71dc45b2e8ac50d7bab33) Importer(815301076,1909f56bfc062723c751e8b465ee728b)  -> (artifact id: '468ce15da1a8ec9301433df2fee92f6a') in 0.031655 seconds 
========================================================================
Received Import Request.
  Time since last request: 0.017191 seconds.
  path: Assets/character_barbarian.prefab
  artifactKey: Guid(7afc9cc8c94a92241bd0fb9229588bdc) Importer(815301076,1909f56bfc062723c751e8b465ee728b)
Start importing Assets/character_barbarian.prefab using Guid(7afc9cc8c94a92241bd0fb9229588bdc) Importer(815301076,1909f56bfc062723c751e8b465ee728b)  -> (artifact id: 'ca1cd88caeae271d5b362ffaaddcd567') in 0.058598 seconds 
========================================================================
Received Import Request.
  Time since last request: 0.000175 seconds.
  path: Assets/tileBrickB_largeCrackedA (12).prefab
  artifactKey: Guid(358c885799cd86540b6645d06885ccbf) Importer(815301076,1909f56bfc062723c751e8b465ee728b)
Start importing Assets/tileBrickB_largeCrackedA (12).prefab using Guid(358c885799cd86540b6645d06885ccbf) Importer(815301076,1909f56bfc062723c751e8b465ee728b)  -> (artifact id: '830990a879cc3b83d44401e5568e05ba') in 0.040037 seconds 
========================================================================
Received Import Request.
  Time since last request: 0.000029 seconds.
  path: Assets/tileBrickB_largeCrackedA (6).prefab
  artifactKey: Guid(eefdab6b8cc88aa40a111ff948f2eeee) Importer(815301076,1909f56bfc062723c751e8b465ee728b)
Start importing Assets/tileBrickB_largeCrackedA (6).prefab using Guid(eefdab6b8cc88aa40a111ff948f2eeee) Importer(815301076,1909f56bfc062723c751e8b465ee728b)  -> (artifact id: 'e136ff2a45339b734883a7c3ef385f39') in 0.032236 seconds 
========================================================================
Received Import Request.
  Time since last request: 0.000175 seconds.
  path: Assets/wall_gate.prefab
  artifactKey: Guid(a45c1200e2a8e02449a9a77377c24023) Importer(815301076,1909f56bfc062723c751e8b465ee728b)
Start importing Assets/wall_gate.prefab using Guid(a45c1200e2a8e02449a9a77377c24023) Importer(815301076,1909f56bfc062723c751e8b465ee728b)  -> (artifact id: '40ac9d3349c1fb81877e4de8266d06a2') in 0.025415 seconds 
========================================================================
Received Import Request.
  Time since last request: 0.000046 seconds.
  path: Assets/tileBrickB_largeCrackedA (11).prefab
  artifactKey: Guid(14f4313b6cd9e9747b85ccfa1fe3049c) Importer(815301076,1909f56bfc062723c751e8b465ee728b)
Start importing Assets/tileBrickB_largeCrackedA (11).prefab using Guid(14f4313b6cd9e9747b85ccfa1fe3049c) Importer(815301076,1909f56bfc062723c751e8b465ee728b)  -> (artifact id: '8385dffb2a6d58ad5d5a8e3a1587c63b') in 0.028417 seconds 
========================================================================
Received Import Request.
  Time since last request: 0.000075 seconds.
  path: Assets/wallCorner (1).prefab
  artifactKey: Guid(5d7beb34182628145aa11040b0fb9b00) Importer(815301076,1909f56bfc062723c751e8b465ee728b)
Start importing Assets/wallCorner (1).prefab using Guid(5d7beb34182628145aa11040b0fb9b00) Importer(815301076,1909f56bfc062723c751e8b465ee728b)  -> (artifact id: 'd2f36ac8e39a47aff06fdfcc50f9ebda') in 0.026515 seconds 
========================================================================
Received Import Request.
  Time since last request: 0.000031 seconds.
  path: Assets/tileBrickB_largeCrackedA (7).prefab
  artifactKey: Guid(5a9c441780accf0429846a2a2c3d9ea3) Importer(815301076,1909f56bfc062723c751e8b465ee728b)
Start importing Assets/tileBrickB_largeCrackedA (7).prefab using Guid(5a9c441780accf0429846a2a2c3d9ea3) Importer(815301076,1909f56bfc062723c751e8b465ee728b)  -> (artifact id: 'b543c94812ed98e1af92b1e99e11c3fa') in 0.031897 seconds 
========================================================================
Received Import Request.
  Time since last request: 0.001376 seconds.
  path: Assets/wall_broken.prefab
  artifactKey: Guid(33acc2d68e50ede429314a482e923794) Importer(815301076,1909f56bfc062723c751e8b465ee728b)
Start importing Assets/wall_broken.prefab using Guid(33acc2d68e50ede429314a482e923794) Importer(815301076,1909f56bfc062723c751e8b465ee728b)  -> (artifact id: '13c87bc85d4b10d6795e0ae81139a6ba') in 0.023204 seconds 
========================================================================
Received Import Request.
  Time since last request: 0.000027 seconds.
  path: Assets/wall (2).prefab
  artifactKey: Guid(537c67431ae400841b018f4a1f7dacbc) Importer(815301076,1909f56bfc062723c751e8b465ee728b)
Start importing Assets/wall (2).prefab using Guid(537c67431ae400841b018f4a1f7dacbc) Importer(815301076,1909f56bfc062723c751e8b465ee728b)  -> (artifact id: 'b1977217dda00943ec7ca35acce69321') in 0.028336 seconds 
========================================================================
Received Import Request.
  Time since last request: 0.000035 seconds.
  path: Assets/tileBrickB_largeCrackedA (8).prefab
  artifactKey: Guid(96eef59dcc274284a8a36a69e1f27df3) Importer(815301076,1909f56bfc062723c751e8b465ee728b)
Start importing Assets/tileBrickB_largeCrackedA (8).prefab using Guid(96eef59dcc274284a8a36a69e1f27df3) Importer(815301076,1909f56bfc062723c751e8b465ee728b)  -> (artifact id: '4ba4feaf477d31fa5b28c88425126dc3') in 0.022809 seconds 
========================================================================
Received Import Request.
  Time since last request: 0.000046 seconds.
  path: Assets/wall (1).prefab
  artifactKey: Guid(c5e9e56a3992ee84d82fbbe66f2c313e) Importer(815301076,1909f56bfc062723c751e8b465ee728b)
Start importing Assets/wall (1).prefab using Guid(c5e9e56a3992ee84d82fbbe66f2c313e) Importer(815301076,1909f56bfc062723c751e8b465ee728b)  -> (artifact id: '1c7b9be273e295ebd90ac1c53fe4dcf0') in 0.060556 seconds 
========================================================================
Received Import Request.
  Time since last request: 0.000061 seconds.
  path: Assets/wall (4).prefab
  artifactKey: Guid(c07e6266f08c41743ad3bf5c0bdc5313) Importer(815301076,1909f56bfc062723c751e8b465ee728b)
Start importing Assets/wall (4).prefab using Guid(c07e6266f08c41743ad3bf5c0bdc5313) Importer(815301076,1909f56bfc062723c751e8b465ee728b)  -> (artifact id: 'fe0a0cb59cbbdf038b38066377a9c6e6') in 0.033924 seconds 
========================================================================
Received Import Request.
  Time since last request: 0.000076 seconds.
  path: Assets/wall_gateCorner.prefab
  artifactKey: Guid(cda446614305d7344a223ebd1c34e4fb) Importer(815301076,1909f56bfc062723c751e8b465ee728b)
Start importing Assets/wall_gateCorner.prefab using Guid(cda446614305d7344a223ebd1c34e4fb) Importer(815301076,1909f56bfc062723c751e8b465ee728b)  -> (artifact id: '2473cfc27c60c045f8f920d931b5b77f') in 0.023166 seconds 
========================================================================
Received Import Request.
  Time since last request: 0.000059 seconds.
  path: Assets/wall_gate (2).prefab
  artifactKey: Guid(30a14d1faf45060459862612a85e9ce2) Importer(815301076,1909f56bfc062723c751e8b465ee728b)
Start importing Assets/wall_gate (2).prefab using Guid(30a14d1faf45060459862612a85e9ce2) Importer(815301076,1909f56bfc062723c751e8b465ee728b)  -> (artifact id: 'bfae6b34dc553557c0f25b7f29aef493') in 0.019621 seconds 
========================================================================
Received Import Request.
  Time since last request: 0.000033 seconds.
  path: Assets/wall_windowGate.prefab
  artifactKey: Guid(221cd14f2c6092142a8bc970b4945e47) Importer(815301076,1909f56bfc062723c751e8b465ee728b)
Start importing Assets/wall_windowGate.prefab using Guid(221cd14f2c6092142a8bc970b4945e47) Importer(815301076,1909f56bfc062723c751e8b465ee728b)  -> (artifact id: 'ef6f96ff151956e4007b713712055e62') in 0.029229 seconds 
========================================================================
Received Import Request.
  Time since last request: 0.000023 seconds.
  path: Assets/wall_door.prefab
  artifactKey: Guid(a6496c6eaa34a8d498bea2edd1555e7e) Importer(815301076,1909f56bfc062723c751e8b465ee728b)
Start importing Assets/wall_door.prefab using Guid(a6496c6eaa34a8d498bea2edd1555e7e) Importer(815301076,1909f56bfc062723c751e8b465ee728b)  -> (artifact id: '334494a4710d9ad180ada5a940de4c72') in 0.021557 seconds 
Editor requested this worker to shutdown with reason: Scaling down because of idle timeout
AssetImportWorker is now disconnected from the server
Process exiting
Exiting without the bug reporter. Application will terminate with return code 0