Using pre-set license
Built from '2021.3/staging' branch; Version is '2021.3.19f1 (c9714fde33b6) revision 13201743'; Using compiler version '192829333'; Build Type 'Release'
OS: 'Windows 11  (10.0.22000) 64bit Enterprise' Language: 'ru' Physical Memory: 16221 MB
BatchMode: 1, IsHumanControllingUs: 0, StartBugReporterOnCrash: 0, Is64bit: 1, IsPro: 1

COMMAND LINE ARGUMENTS:
C:\Program Files\Unity\Hub\Editor\2021.3.19f1\Editor\Unity.exe
-adb2
-batchMode
-noUpm
-name
AssetImportWorker2
-projectPath
C:/Users/savto/OneDrive/Documents/GitHub/rogue/Rogue
-logFile
Logs/AssetImportWorker2.log
-srvPort
62896
Successfully changed project path to: C:/Users/savto/OneDrive/Documents/GitHub/rogue/Rogue
C:/Users/savto/OneDrive/Documents/GitHub/rogue/Rogue
[UnityMemory] Configuration Parameters - Can be set up in boot.config
    "memorysetup-bucket-allocator-granularity=16"
    "memorysetup-bucket-allocator-bucket-count=8"
    "memorysetup-bucket-allocator-block-size=33554432"
    "memorysetup-bucket-allocator-block-count=8"
    "memorysetup-main-allocator-block-size=16777216"
    "memorysetup-thread-allocator-block-size=16777216"
    "memorysetup-gfx-main-allocator-block-size=16777216"
    "memorysetup-gfx-thread-allocator-block-size=16777216"
    "memorysetup-cache-allocator-block-size=4194304"
    "memorysetup-typetree-allocator-block-size=2097152"
    "memorysetup-profiler-bucket-allocator-granularity=16"
    "memorysetup-profiler-bucket-allocator-bucket-count=8"
    "memorysetup-profiler-bucket-allocator-block-size=33554432"
    "memorysetup-profiler-bucket-allocator-block-count=8"
    "memorysetup-profiler-allocator-block-size=16777216"
    "memorysetup-profiler-editor-allocator-block-size=1048576"
    "memorysetup-temp-allocator-size-main=16777216"
    "memorysetup-job-temp-allocator-block-size=2097152"
    "memorysetup-job-temp-allocator-block-size-background=1048576"
    "memorysetup-job-temp-allocator-reduction-small-platforms=262144"
    "memorysetup-temp-allocator-size-background-worker=32768"
    "memorysetup-temp-allocator-size-job-worker=262144"
    "memorysetup-temp-allocator-size-preload-manager=33554432"
    "memorysetup-temp-allocator-size-nav-mesh-worker=65536"
    "memorysetup-temp-allocator-size-audio-worker=65536"
    "memorysetup-temp-allocator-size-cloud-worker=32768"
    "memorysetup-temp-allocator-size-gi-baking-worker=262144"
    "memorysetup-temp-allocator-size-gfx=262144"
Player connection [5700] Host "[IP] 192.168.56.1 [Port] 0 [Flags] 2 [Guid] 1009881165 [EditorId] 1009881165 [Version] 1048832 [Id] WindowsEditor(7,asolovyevv) [Debug] 1 [PackageName] WindowsEditor [ProjectName] Editor" joined multi-casting on [225.0.0.222:54997]...

Player connection [5700] Host "[IP] 192.168.56.1 [Port] 0 [Flags] 2 [Guid] 1009881165 [EditorId] 1009881165 [Version] 1048832 [Id] WindowsEditor(7,asolovyevv) [Debug] 1 [PackageName] WindowsEditor [ProjectName] Editor" joined alternative multi-casting on [225.0.0.222:34997]...

Refreshing native plugins compatible for Editor in 200.10 ms, found 3 plugins.
Preloading 0 native plugins for Editor in 0.00 ms.
Initialize engine version: 2021.3.19f1 (c9714fde33b6)
[Subsystems] Discovering subsystems at path C:/Program Files/Unity/Hub/Editor/2021.3.19f1/Editor/Data/Resources/UnitySubsystems
[Subsystems] Discovering subsystems at path C:/Users/savto/OneDrive/Documents/GitHub/rogue/Rogue/Assets
GfxDevice: creating device client; threaded=0; jobified=0
Direct3D:
    Version:  Direct3D 11.0 [level 11.1]
    Renderer: NVIDIA GeForce GTX 1650 (ID=0x1f99)
    Vendor:   NVIDIA
    VRAM:     3950 MB
    Driver:   31.0.15.2698
Initialize mono
Mono path[0] = 'C:/Program Files/Unity/Hub/Editor/2021.3.19f1/Editor/Data/Managed'
Mono path[1] = 'C:/Program Files/Unity/Hub/Editor/2021.3.19f1/Editor/Data/MonoBleedingEdge/lib/mono/unityjit-win32'
Mono config path = 'C:/Program Files/Unity/Hub/Editor/2021.3.19f1/Editor/Data/MonoBleedingEdge/etc'
Using monoOptions --debugger-agent=transport=dt_socket,embedding=1,server=y,suspend=n,address=127.0.0.1:56964
Begin MonoManager ReloadAssembly
Registering precompiled unity dll's ...
Register platform support module: C:/Program Files/Unity/Hub/Editor/2021.3.19f1/Editor/Data/PlaybackEngines/WebGLSupport/UnityEditor.WebGL.Extensions.dll
Register platform support module: C:/Program Files/Unity/Hub/Editor/2021.3.19f1/Editor/Data/PlaybackEngines/WindowsStandaloneSupport/UnityEditor.WindowsStandalone.Extensions.dll
Registered in 0.005255 seconds.
Native extension for WindowsStandalone target not found
Native extension for WebGL target not found
Refreshing native plugins compatible for Editor in 103.73 ms, found 3 plugins.
Preloading 0 native plugins for Editor in 0.00 ms.
Mono: successfully reloaded assembly
- Completed reload, in  1.135 seconds
Domain Reload Profiling:
	ReloadAssembly (1136ms)
		BeginReloadAssembly (251ms)
			ExecutionOrderSort (0ms)
			DisableScriptedObjects (0ms)
			BackupInstance (0ms)
			ReleaseScriptingObjects (0ms)
			CreateAndSetChildDomain (4ms)
		EndReloadAssembly (749ms)
			LoadAssemblies (240ms)
			RebuildTransferFunctionScriptingTraits (0ms)
			SetupTypeCache (126ms)
			ReleaseScriptCaches (0ms)
			RebuildScriptCaches (35ms)
			SetupLoadedEditorAssemblies (528ms)
				LogAssemblyErrors (0ms)
				InitializePlatformSupportModulesInManaged (10ms)
				SetLoadedEditorAssemblies (0ms)
				RefreshPlugins (104ms)
				BeforeProcessingInitializeOnLoad (1ms)
				ProcessInitializeOnLoadAttributes (291ms)
				ProcessInitializeOnLoadMethodAttributes (121ms)
				AfterProcessingInitializeOnLoad (0ms)
				EditorAssembliesLoaded (0ms)
			ExecutionOrderSort2 (0ms)
			AwakeInstancesAfterBackupRestoration (0ms)
Platform modules already initialized, skipping
Registering precompiled user dll's ...
Registered in 0.009807 seconds.
Begin MonoManager ReloadAssembly
Symbol file LoadedFromMemory doesn't match image C:\Users\savto\OneDrive\Documents\GitHub\rogue\Rogue\Library\PackageCache\com.unity.visualscripting@1.8.0\Editor\VisualScripting.Core\Dependencies\YamlDotNet\Unity.VisualScripting.YamlDotNet.dll
Symbol file LoadedFromMemory doesn't match image C:\Users\savto\OneDrive\Documents\GitHub\rogue\Rogue\Library\PackageCache\com.unity.visualscripting@1.8.0\Editor\VisualScripting.Core\Dependencies\DotNetZip\Unity.VisualScripting.IonicZip.dll
Native extension for WindowsStandalone target not found
Native extension for WebGL target not found
Refreshing native plugins compatible for Editor in 0.83 ms, found 3 plugins.
Preloading 0 native plugins for Editor in 0.00 ms.
Mono: successfully reloaded assembly
Package Manager log level set to [2]
- Completed reload, in  1.255 seconds
Domain Reload Profiling:
	ReloadAssembly (1257ms)
		BeginReloadAssembly (134ms)
			ExecutionOrderSort (0ms)
			DisableScriptedObjects (9ms)
			BackupInstance (0ms)
			ReleaseScriptingObjects (0ms)
			CreateAndSetChildDomain (24ms)
		EndReloadAssembly (996ms)
			LoadAssemblies (89ms)
			RebuildTransferFunctionScriptingTraits (0ms)
			SetupTypeCache (270ms)
			ReleaseScriptCaches (1ms)
			RebuildScriptCaches (58ms)
			SetupLoadedEditorAssemblies (487ms)
				LogAssemblyErrors (0ms)
				InitializePlatformSupportModulesInManaged (7ms)
				SetLoadedEditorAssemblies (0ms)
				RefreshPlugins (1ms)
				BeforeProcessingInitializeOnLoad (91ms)
				ProcessInitializeOnLoadAttributes (313ms)
				ProcessInitializeOnLoadMethodAttributes (60ms)
				AfterProcessingInitializeOnLoad (13ms)
				EditorAssembliesLoaded (1ms)
			ExecutionOrderSort2 (0ms)
			AwakeInstancesAfterBackupRestoration (20ms)
Platform modules already initialized, skipping
========================================================================
Worker process is ready to serve import requests
Launched and connected shader compiler UnityShaderCompiler.exe after 0.04 seconds
Refreshing native plugins compatible for Editor in 0.88 ms, found 3 plugins.
Preloading 0 native plugins for Editor in 0.00 ms.
Unloading 3163 Unused Serialized files (Serialized files now loaded: 0)
Unloading 37 unused Assets / (87.8 KB). Loaded Objects now: 3610.
Memory consumption went from 112.5 MB to 112.4 MB.
Total: 4.532200 ms (FindLiveObjects: 0.383900 ms CreateObjectMapping: 0.352900 ms MarkObjects: 3.651800 ms  DeleteObjects: 0.141800 ms)

AssetImportParameters requested are different than current active one (requested -> active):
  custom:video-decoder-ogg-theora: a1e56fd34408186e4bbccfd4996cb3dc -> 
  custom:container-muxer-webm: aa71ff27fc2769a1b78a27578f13a17b -> 
  custom:container-demuxer-webm: 4f35f7cbe854078d1ac9338744f61a02 -> 
  custom:video-encoder-webm-vp8: eb34c28f22e8b96e1ab97ce403110664 -> 
  custom:audio-encoder-webm-vorbis: bf7c407c2cedff20999df2af8eb42d56 -> 
  custom:framework-win-MediaFoundation: 216162199b28c13a410421893ffa2e32 -> 
  custom:container-demuxer-ogg: 62fdf1f143b41e24485cea50d1cbac27 -> 
  custom:video-decoder-webm-vp8: 9c59270c3fd7afecdb556c50c9e8de78 -> 
  custom:audio-decoder-ogg-vorbis: bf7c407c2cedff20999df2af8eb42d56 -> 
========================================================================
Received Import Request.
  Time since last request: 4366.098330 seconds.
  path: Assets/Models/dae/cratePlatform_large.dae
  artifactKey: Guid(b70b6b306e591ca40b2021525b64e684) Importer(815301076,1909f56bfc062723c751e8b465ee728b)
Start importing Assets/Models/dae/cratePlatform_large.dae using Guid(b70b6b306e591ca40b2021525b64e684) Importer(815301076,1909f56bfc062723c751e8b465ee728b)  -> (artifact id: 'cae6f4643d787f9d26452dbcba6f48f3') in 0.382969 seconds 
========================================================================
Received Import Request.
  Time since last request: 0.114153 seconds.
  path: Assets/Models/dae/dagger_uncommon.dae
  artifactKey: Guid(7d6f44e72e2ed834f952929513239385) Importer(815301076,1909f56bfc062723c751e8b465ee728b)
Start importing Assets/Models/dae/dagger_uncommon.dae using Guid(7d6f44e72e2ed834f952929513239385) Importer(815301076,1909f56bfc062723c751e8b465ee728b)  -> (artifact id: '1e13aa0acd379c3fd02e216c4da0bf4f') in 0.075742 seconds 
========================================================================
Received Import Request.
  Time since last request: 0.000036 seconds.
  path: Assets/Models/dae/floorDecoration_woodLeft.dae
  artifactKey: Guid(5c852c76bb87b3844b48a1dd43996289) Importer(815301076,1909f56bfc062723c751e8b465ee728b)
Start importing Assets/Models/dae/floorDecoration_woodLeft.dae using Guid(5c852c76bb87b3844b48a1dd43996289) Importer(815301076,1909f56bfc062723c751e8b465ee728b)  -> (artifact id: 'a9b7c3e4541624da4c31b9c8e20ea188') in 0.059866 seconds 
========================================================================
Received Import Request.
  Time since last request: 0.000041 seconds.
  path: Assets/Models/dae/hammer_uncommon.dae
  artifactKey: Guid(5d1c3b4565e391c4b9149f73f57efdda) Importer(815301076,1909f56bfc062723c751e8b465ee728b)
Start importing Assets/Models/dae/hammer_uncommon.dae using Guid(5d1c3b4565e391c4b9149f73f57efdda) Importer(815301076,1909f56bfc062723c751e8b465ee728b)  -> (artifact id: 'd8c304d16ebd51dc142610f63fb31a7b') in 0.092491 seconds 
========================================================================
Received Import Request.
  Time since last request: 0.000061 seconds.
  path: Assets/Models/dae/floorDecoration_tilesSmall.dae
  artifactKey: Guid(aad444389df527040b21cc0c26e0260a) Importer(815301076,1909f56bfc062723c751e8b465ee728b)
Start importing Assets/Models/dae/floorDecoration_tilesSmall.dae using Guid(aad444389df527040b21cc0c26e0260a) Importer(815301076,1909f56bfc062723c751e8b465ee728b)  -> (artifact id: '4bc68c3e1c0cf9d6faa4c480abf7c4b8') in 0.040645 seconds 
========================================================================
Received Import Request.
  Time since last request: 0.000049 seconds.
  path: Assets/Models/dae/hammer_common.dae
  artifactKey: Guid(15feb95eb2565b44085c8fefa88cf353) Importer(815301076,1909f56bfc062723c751e8b465ee728b)
Start importing Assets/Models/dae/hammer_common.dae using Guid(15feb95eb2565b44085c8fefa88cf353) Importer(815301076,1909f56bfc062723c751e8b465ee728b)  -> (artifact id: '0333cc556690e589224c878ec771e296') in 0.046575 seconds 
========================================================================
Received Import Request.
  Time since last request: 0.191224 seconds.
  path: Assets/Models/dae/pillar_broken.dae
  artifactKey: Guid(560b772d117185043818b5c4b8e4579a) Importer(815301076,1909f56bfc062723c751e8b465ee728b)
Start importing Assets/Models/dae/pillar_broken.dae using Guid(560b772d117185043818b5c4b8e4579a) Importer(815301076,1909f56bfc062723c751e8b465ee728b)  -> (artifact id: 'd6d1a6fac57c7f2c5a2c09da742c5cd7') in 0.105764 seconds 
========================================================================
Received Import Request.
  Time since last request: 0.000040 seconds.
  path: Assets/Models/dae/potionMedium_green.dae
  artifactKey: Guid(5db735ce0125e9949b52f711846e3d9c) Importer(815301076,1909f56bfc062723c751e8b465ee728b)
Start importing Assets/Models/dae/potionMedium_green.dae using Guid(5db735ce0125e9949b52f711846e3d9c) Importer(815301076,1909f56bfc062723c751e8b465ee728b)  -> (artifact id: '6e18bbec39b28d5bf337d30a0d382364') in 0.052087 seconds 
========================================================================
Received Import Request.
  Time since last request: 0.000073 seconds.
  path: Assets/Models/dae/potB.dae
  artifactKey: Guid(210c984b73444bc4badcdc6fe16fe784) Importer(815301076,1909f56bfc062723c751e8b465ee728b)
Start importing Assets/Models/dae/potB.dae using Guid(210c984b73444bc4badcdc6fe16fe784) Importer(815301076,1909f56bfc062723c751e8b465ee728b)  -> (artifact id: '78e707650d3ee66c38d65378fe24152f') in 0.039707 seconds 
========================================================================
Received Import Request.
  Time since last request: 0.000030 seconds.
  path: Assets/Models/dae/potC.dae
  artifactKey: Guid(502e0392f43b53840b9a6b8f8f066a9a) Importer(815301076,1909f56bfc062723c751e8b465ee728b)
Start importing Assets/Models/dae/potC.dae using Guid(502e0392f43b53840b9a6b8f8f066a9a) Importer(815301076,1909f56bfc062723c751e8b465ee728b)  -> (artifact id: '0b8a82ffb199b4dc3af4b404a84402de') in 0.040947 seconds 
========================================================================
Received Import Request.
  Time since last request: 0.000046 seconds.
  path: Assets/Models/dae/potB_decorated.dae
  artifactKey: Guid(064ebc0c49ecbb142a9a1fe893459293) Importer(815301076,1909f56bfc062723c751e8b465ee728b)
Start importing Assets/Models/dae/potB_decorated.dae using Guid(064ebc0c49ecbb142a9a1fe893459293) Importer(815301076,1909f56bfc062723c751e8b465ee728b)  -> (artifact id: 'dae948a841552872288af06f9c83fa96') in 0.054440 seconds 
========================================================================
Received Import Request.
  Time since last request: 0.000022 seconds.
  path: Assets/Models/dae/potA.dae
  artifactKey: Guid(d004c41b73b38d44b8f7faf622bbea5d) Importer(815301076,1909f56bfc062723c751e8b465ee728b)
Start importing Assets/Models/dae/potA.dae using Guid(d004c41b73b38d44b8f7faf622bbea5d) Importer(815301076,1909f56bfc062723c751e8b465ee728b)  -> (artifact id: 'c83a238a938f93fa7f365fef60cbbac6') in 0.049347 seconds 
========================================================================
Received Import Request.
  Time since last request: 0.406201 seconds.
  path: Assets/Models/dae/potionSmall_blue.dae
  artifactKey: Guid(0885b0223ac87974a87c2ab681eac4c5) Importer(815301076,1909f56bfc062723c751e8b465ee728b)
Start importing Assets/Models/dae/potionSmall_blue.dae using Guid(0885b0223ac87974a87c2ab681eac4c5) Importer(815301076,1909f56bfc062723c751e8b465ee728b)  -> (artifact id: '5a1baa992d81fb1c622d285ddee35770') in 0.055732 seconds 
========================================================================
Received Import Request.
  Time since last request: 0.000020 seconds.
  path: Assets/Models/dae/quiver_half_full.dae
  artifactKey: Guid(b7f8079fd880a4048bb8720cf43a8e55) Importer(815301076,1909f56bfc062723c751e8b465ee728b)
Start importing Assets/Models/dae/quiver_half_full.dae using Guid(b7f8079fd880a4048bb8720cf43a8e55) Importer(815301076,1909f56bfc062723c751e8b465ee728b)  -> (artifact id: 'a471a8123f210eb6a2be38b721119809') in 0.052670 seconds 
========================================================================
Received Import Request.
  Time since last request: 0.228559 seconds.
  path: Assets/Models/dae/scaffold_high_cornerBoth.dae
  artifactKey: Guid(fb01fdfb3e09d1243ad8de55ddc54edc) Importer(815301076,1909f56bfc062723c751e8b465ee728b)
Start importing Assets/Models/dae/scaffold_high_cornerBoth.dae using Guid(fb01fdfb3e09d1243ad8de55ddc54edc) Importer(815301076,1909f56bfc062723c751e8b465ee728b)  -> (artifact id: 'c33f22033401ce37de85e833fde3fd77') in 0.075497 seconds 
========================================================================
Received Import Request.
  Time since last request: 0.000121 seconds.
  path: Assets/Models/dae/scaffold_medium_railing.dae
  artifactKey: Guid(04674f4ca32d21e4da1dc3bcd80f2ae1) Importer(815301076,1909f56bfc062723c751e8b465ee728b)
Start importing Assets/Models/dae/scaffold_medium_railing.dae using Guid(04674f4ca32d21e4da1dc3bcd80f2ae1) Importer(815301076,1909f56bfc062723c751e8b465ee728b)  -> (artifact id: 'cdb2814b85af39ad84c10548edfebcaa') in 0.036860 seconds 
========================================================================
Received Import Request.
  Time since last request: 0.000037 seconds.
  path: Assets/Models/dae/scaffold_small_low.dae
  artifactKey: Guid(0df26816fd4be6947a5ba0bb17682755) Importer(815301076,1909f56bfc062723c751e8b465ee728b)
Start importing Assets/Models/dae/scaffold_small_low.dae using Guid(0df26816fd4be6947a5ba0bb17682755) Importer(815301076,1909f56bfc062723c751e8b465ee728b)  -> (artifact id: '8ccef0ddf82ad20458352ce0c2ffea06') in 0.036700 seconds 
========================================================================
Received Import Request.
  Time since last request: 0.000028 seconds.
  path: Assets/Models/dae/scaffold_high_railing.dae
  artifactKey: Guid(4e3879647e002c249836d079025c1630) Importer(815301076,1909f56bfc062723c751e8b465ee728b)
Start importing Assets/Models/dae/scaffold_high_railing.dae using Guid(4e3879647e002c249836d079025c1630) Importer(815301076,1909f56bfc062723c751e8b465ee728b)  -> (artifact id: 'd45db78d35da9e3f67d9b9983d712dc0') in 0.042580 seconds 
========================================================================
Received Import Request.
  Time since last request: 0.000019 seconds.
  path: Assets/Models/dae/scaffold_low.dae
  artifactKey: Guid(625fae6b87745374fa43491d7ac637dc) Importer(815301076,1909f56bfc062723c751e8b465ee728b)
Start importing Assets/Models/dae/scaffold_low.dae using Guid(625fae6b87745374fa43491d7ac637dc) Importer(815301076,1909f56bfc062723c751e8b465ee728b)  -> (artifact id: '5bcce3c19699269a51c9e391b1a2a1ff') in 0.037030 seconds 
========================================================================
Received Import Request.
  Time since last request: 0.000055 seconds.
  path: Assets/Models/dae/scaffold_medium_cornerRight.dae
  artifactKey: Guid(090847ca680235847b2e4881de58fc03) Importer(815301076,1909f56bfc062723c751e8b465ee728b)
Start importing Assets/Models/dae/scaffold_medium_cornerRight.dae using Guid(090847ca680235847b2e4881de58fc03) Importer(815301076,1909f56bfc062723c751e8b465ee728b)  -> (artifact id: '51da220a5c6232141ba463bddfceb28d') in 0.035728 seconds 
========================================================================
Received Import Request.
  Time since last request: 0.000038 seconds.
  path: Assets/Models/dae/scaffold_small_high_cornerLeft.dae
  artifactKey: Guid(8cf58f2b95ec5bc49bfdf5f1f994afb9) Importer(815301076,1909f56bfc062723c751e8b465ee728b)
Start importing Assets/Models/dae/scaffold_small_high_cornerLeft.dae using Guid(8cf58f2b95ec5bc49bfdf5f1f994afb9) Importer(815301076,1909f56bfc062723c751e8b465ee728b)  -> (artifact id: '06ac8e23a58bf19acb5dbc08534f1939') in 0.040686 seconds 
========================================================================
Received Import Request.
  Time since last request: 0.000046 seconds.
  path: Assets/Models/dae/scaffold_small_low_long.dae
  artifactKey: Guid(46918f8a511f41d4da9ae6bacf7e460a) Importer(815301076,1909f56bfc062723c751e8b465ee728b)
Start importing Assets/Models/dae/scaffold_small_low_long.dae using Guid(46918f8a511f41d4da9ae6bacf7e460a) Importer(815301076,1909f56bfc062723c751e8b465ee728b)  -> (artifact id: '27b8afdf28716dee499c78ef8da40ec6') in 0.046858 seconds 
========================================================================
Received Import Request.
  Time since last request: 0.035116 seconds.
  path: Assets/Models/dae/scaffold_small_low_railing.dae
  artifactKey: Guid(543891bcb091123438e81b65c7cc6f4e) Importer(815301076,1909f56bfc062723c751e8b465ee728b)
Start importing Assets/Models/dae/scaffold_small_low_railing.dae using Guid(543891bcb091123438e81b65c7cc6f4e) Importer(815301076,1909f56bfc062723c751e8b465ee728b)  -> (artifact id: '6992f58ce77d3a7bfd4f800c2d6405b5') in 0.043163 seconds 
========================================================================
Received Import Request.
  Time since last request: 0.000042 seconds.
  path: Assets/Models/dae/scaffold_small_medium_railing.dae
  artifactKey: Guid(5d4459f0958580d44afe0e84a5e22a76) Importer(815301076,1909f56bfc062723c751e8b465ee728b)
Start importing Assets/Models/dae/scaffold_small_medium_railing.dae using Guid(5d4459f0958580d44afe0e84a5e22a76) Importer(815301076,1909f56bfc062723c751e8b465ee728b)  -> (artifact id: '77612744045a357fb5d378450a30dcaf') in 0.046848 seconds 
========================================================================
Received Import Request.
  Time since last request: 0.629065 seconds.
  path: Assets/Models/dae/scaffold_stairs.dae
  artifactKey: Guid(10bac16715cb70b47bc1a13e70701f14) Importer(815301076,1909f56bfc062723c751e8b465ee728b)
Start importing Assets/Models/dae/scaffold_stairs.dae using Guid(10bac16715cb70b47bc1a13e70701f14) Importer(815301076,1909f56bfc062723c751e8b465ee728b)  -> (artifact id: '0cd952ab638276b07a1ec5f09502f96f') in 0.061864 seconds 
========================================================================
Received Import Request.
  Time since last request: 0.000028 seconds.
  path: Assets/Models/dae/staff_uncommon.dae
  artifactKey: Guid(69be95e2abe1a0341968077646d61034) Importer(815301076,1909f56bfc062723c751e8b465ee728b)
Start importing Assets/Models/dae/staff_uncommon.dae using Guid(69be95e2abe1a0341968077646d61034) Importer(815301076,1909f56bfc062723c751e8b465ee728b)  -> (artifact id: '259b6b07168917827b85842b46c21130') in 0.052357 seconds 
========================================================================
Received Import Request.
  Time since last request: 0.000051 seconds.
  path: Assets/Models/dae/staff_common.dae
  artifactKey: Guid(07945c1dd25fb2049a03ace260990bc2) Importer(815301076,1909f56bfc062723c751e8b465ee728b)
Start importing Assets/Models/dae/staff_common.dae using Guid(07945c1dd25fb2049a03ace260990bc2) Importer(815301076,1909f56bfc062723c751e8b465ee728b)  -> (artifact id: 'ac6ed7c96df5b143592f5b7753c5d816') in 0.046628 seconds 
========================================================================
Received Import Request.
  Time since last request: 3.090444 seconds.
  path: Assets/Models/fbx
  artifactKey: Guid(43c3b7efcb0920a4eab63c0459205c24) Importer(815301076,1909f56bfc062723c751e8b465ee728b)
Start importing Assets/Models/fbx using Guid(43c3b7efcb0920a4eab63c0459205c24) Importer(815301076,1909f56bfc062723c751e8b465ee728b)  -> (artifact id: '0b7cd072c3a167be3c97632482dcae4f') in 0.024633 seconds 
========================================================================
Received Import Request.
  Time since last request: 0.000061 seconds.
  path: Assets/Models/fbx/arrow.fbx
  artifactKey: Guid(28bfc24e98f2e1f43beaae3ef074bcd3) Importer(815301076,1909f56bfc062723c751e8b465ee728b)
Start importing Assets/Models/fbx/arrow.fbx using Guid(28bfc24e98f2e1f43beaae3ef074bcd3) Importer(815301076,1909f56bfc062723c751e8b465ee728b)  -> (artifact id: '389678cfbe093f3d4d649f6857fbee47') in 0.105142 seconds 
========================================================================
Received Import Request.
  Time since last request: 0.000043 seconds.
  path: Assets/Models/fbx/bookcaseFilled.fbx
  artifactKey: Guid(a3ccc9b2205b2be46a2ad815b63d903a) Importer(815301076,1909f56bfc062723c751e8b465ee728b)
Start importing Assets/Models/fbx/bookcaseFilled.fbx using Guid(a3ccc9b2205b2be46a2ad815b63d903a) Importer(815301076,1909f56bfc062723c751e8b465ee728b)  -> (artifact id: '6b449863288adf170977cdab5d85bc34') in 0.094556 seconds 
========================================================================
Received Import Request.
  Time since last request: 0.000168 seconds.
  path: Assets/Models/fbx/axe_uncommon.fbx
  artifactKey: Guid(6c1b7596442b88b42818fa93e1eb335b) Importer(815301076,1909f56bfc062723c751e8b465ee728b)
Start importing Assets/Models/fbx/axe_uncommon.fbx using Guid(6c1b7596442b88b42818fa93e1eb335b) Importer(815301076,1909f56bfc062723c751e8b465ee728b)  -> (artifact id: '1da22152cccfabd3adb0d0e1af8289ae') in 0.064045 seconds 
========================================================================
Received Import Request.
  Time since last request: 0.000030 seconds.
  path: Assets/Models/fbx/banner.fbx
  artifactKey: Guid(91f0aacc1dcfe374d8ad5eba44c1f9b2) Importer(815301076,1909f56bfc062723c751e8b465ee728b)
Start importing Assets/Models/fbx/banner.fbx using Guid(91f0aacc1dcfe374d8ad5eba44c1f9b2) Importer(815301076,1909f56bfc062723c751e8b465ee728b)  -> (artifact id: '4775e4fe63190487a7d295911c7e8d51') in 0.051607 seconds 
========================================================================
Received Import Request.
  Time since last request: 0.000029 seconds.
  path: Assets/Models/fbx/bookB.fbx
  artifactKey: Guid(68c9c9cff9212944caba4f99a0b51610) Importer(815301076,1909f56bfc062723c751e8b465ee728b)
Start importing Assets/Models/fbx/bookB.fbx using Guid(68c9c9cff9212944caba4f99a0b51610) Importer(815301076,1909f56bfc062723c751e8b465ee728b)  -> (artifact id: '2d71b99d4b7f725f3d1fb6e7f42eaaf1') in 0.062749 seconds 
========================================================================
Received Import Request.
  Time since last request: 0.000086 seconds.
  path: Assets/Models/fbx/bookcaseWide.fbx
  artifactKey: Guid(99d6c458596df054c92a6be977abdb6e) Importer(815301076,1909f56bfc062723c751e8b465ee728b)
Start importing Assets/Models/fbx/bookcaseWide.fbx using Guid(99d6c458596df054c92a6be977abdb6e) Importer(815301076,1909f56bfc062723c751e8b465ee728b)  -> (artifact id: '468ef1294c23be5151931868a83b4137') in 0.039319 seconds 
========================================================================
Received Import Request.
  Time since last request: 0.000032 seconds.
  path: Assets/Models/fbx/bookD.fbx
  artifactKey: Guid(f0cc533b8b32a5a45a706e95fae29784) Importer(815301076,1909f56bfc062723c751e8b465ee728b)
Start importing Assets/Models/fbx/bookD.fbx using Guid(f0cc533b8b32a5a45a706e95fae29784) Importer(815301076,1909f56bfc062723c751e8b465ee728b)  -> (artifact id: 'c262a2d04d17e07c91886cede7b7b233') in 0.067824 seconds 
========================================================================
Received Import Request.
  Time since last request: 0.000024 seconds.
  path: Assets/Models/fbx/chest_common_empty.fbx
  artifactKey: Guid(91537e6f02288744c907cdd6b2d7f448) Importer(815301076,1909f56bfc062723c751e8b465ee728b)
Start importing Assets/Models/fbx/chest_common_empty.fbx using Guid(91537e6f02288744c907cdd6b2d7f448) Importer(815301076,1909f56bfc062723c751e8b465ee728b)  -> (artifact id: '2ee03add66e0c02738ecf100089efb3b') in 0.065700 seconds 
========================================================================
Received Import Request.
  Time since last request: 0.000031 seconds.
  path: Assets/Models/fbx/bookC.fbx
  artifactKey: Guid(f3d62ea4ba529bf40886ef5521d4abef) Importer(815301076,1909f56bfc062723c751e8b465ee728b)
Start importing Assets/Models/fbx/bookC.fbx using Guid(f3d62ea4ba529bf40886ef5521d4abef) Importer(815301076,1909f56bfc062723c751e8b465ee728b)  -> (artifact id: 'bf5bc865fbce2bf5e72f9964a9f5af02') in 0.051123 seconds 
========================================================================
Received Import Request.
  Time since last request: 0.000049 seconds.
  path: Assets/Models/fbx/chair.fbx
  artifactKey: Guid(810fe4e37cfe5104dae323a20d186007) Importer(815301076,1909f56bfc062723c751e8b465ee728b)
Start importing Assets/Models/fbx/chair.fbx using Guid(810fe4e37cfe5104dae323a20d186007) Importer(815301076,1909f56bfc062723c751e8b465ee728b)  -> (artifact id: '27c1a8b292b4698b4f0ab80fe7aae0a6') in 0.040595 seconds 
========================================================================
Received Import Request.
  Time since last request: 0.000035 seconds.
  path: Assets/Models/fbx/bookcase_broken.fbx
  artifactKey: Guid(d2e9e590a375dbe4d9eecadee6c3ca69) Importer(815301076,1909f56bfc062723c751e8b465ee728b)
Start importing Assets/Models/fbx/bookcase_broken.fbx using Guid(d2e9e590a375dbe4d9eecadee6c3ca69) Importer(815301076,1909f56bfc062723c751e8b465ee728b)  -> (artifact id: 'a3d7a89f3832338f127cccb3844e284c') in 0.039150 seconds 
========================================================================
Received Import Request.
  Time since last request: 0.200808 seconds.
  path: Assets/Models/fbx/chest_rare.fbx
  artifactKey: Guid(adb1108e460483f48b8133f663a5c087) Importer(815301076,1909f56bfc062723c751e8b465ee728b)
Start importing Assets/Models/fbx/chest_rare.fbx using Guid(adb1108e460483f48b8133f663a5c087) Importer(815301076,1909f56bfc062723c751e8b465ee728b)  -> (artifact id: '2c9066b710a89415a68d71b9c7e725df') in 0.047118 seconds 
========================================================================
Received Import Request.
  Time since last request: 0.000059 seconds.
  path: Assets/Models/fbx/chestTop_rare_mimic.fbx
  artifactKey: Guid(9d5fc557cea55b3469ea1b51036bf2e9) Importer(815301076,1909f56bfc062723c751e8b465ee728b)
Start importing Assets/Models/fbx/chestTop_rare_mimic.fbx using Guid(9d5fc557cea55b3469ea1b51036bf2e9) Importer(815301076,1909f56bfc062723c751e8b465ee728b)  -> (artifact id: 'afb41a7bea309ef858968f4095e569be') in 0.053542 seconds 
========================================================================
Received Import Request.
  Time since last request: 0.000030 seconds.
  path: Assets/Models/fbx/coinsSmall.fbx
  artifactKey: Guid(9c79807a2e525bb459502e09751b08fd) Importer(815301076,1909f56bfc062723c751e8b465ee728b)
Start importing Assets/Models/fbx/coinsSmall.fbx using Guid(9c79807a2e525bb459502e09751b08fd) Importer(815301076,1909f56bfc062723c751e8b465ee728b)  -> (artifact id: '8dfa6236779302df81ba0617fdb319a0') in 0.041349 seconds 
========================================================================
Received Import Request.
  Time since last request: 0.000029 seconds.
  path: Assets/Models/fbx/coinsLarge.fbx
  artifactKey: Guid(7c13cd15e7a141b488f6fb7059589d66) Importer(815301076,1909f56bfc062723c751e8b465ee728b)
Start importing Assets/Models/fbx/coinsLarge.fbx using Guid(7c13cd15e7a141b488f6fb7059589d66) Importer(815301076,1909f56bfc062723c751e8b465ee728b)  -> (artifact id: '25ccb97b64f3833cd106d01e6162afc3') in 0.039698 seconds 
========================================================================
Received Import Request.
  Time since last request: 0.000047 seconds.
  path: Assets/Models/fbx/crateDark.fbx
  artifactKey: Guid(06790f31326644048b5b76bfc77d4bd8) Importer(815301076,1909f56bfc062723c751e8b465ee728b)
Start importing Assets/Models/fbx/crateDark.fbx using Guid(06790f31326644048b5b76bfc77d4bd8) Importer(815301076,1909f56bfc062723c751e8b465ee728b)  -> (artifact id: '6cb0998fe1521d77a0304bb1fc4f13ff') in 0.048047 seconds 
========================================================================
Received Import Request.
  Time since last request: 0.000021 seconds.
  path: Assets/Models/fbx/crate.fbx
  artifactKey: Guid(d626078c998fb5c478131754f468a364) Importer(815301076,1909f56bfc062723c751e8b465ee728b)
Start importing Assets/Models/fbx/crate.fbx using Guid(d626078c998fb5c478131754f468a364) Importer(815301076,1909f56bfc062723c751e8b465ee728b)  -> (artifact id: '522d2cd20c1183a134af1c98b4eec021') in 0.040856 seconds 
========================================================================
Received Import Request.
  Time since last request: 0.323602 seconds.
  path: Assets/Models/fbx/cratePlatform_large.fbx
  artifactKey: Guid(59fa6095117f6074bb443c2bafb1a0cd) Importer(815301076,1909f56bfc062723c751e8b465ee728b)
Start importing Assets/Models/fbx/cratePlatform_large.fbx using Guid(59fa6095117f6074bb443c2bafb1a0cd) Importer(815301076,1909f56bfc062723c751e8b465ee728b)  -> (artifact id: '3ca62ced587e6df962f4c9b71fba3cdf') in 0.061349 seconds 
========================================================================
Received Import Request.
  Time since last request: 0.000446 seconds.
  path: Assets/Models/fbx/crossbow_uncommon.fbx
  artifactKey: Guid(c92da734c9039c147a737e6fc0effa67) Importer(815301076,1909f56bfc062723c751e8b465ee728b)
Start importing Assets/Models/fbx/crossbow_uncommon.fbx using Guid(c92da734c9039c147a737e6fc0effa67) Importer(815301076,1909f56bfc062723c751e8b465ee728b)  -> (artifact id: 'b19bac9019ea976ebeecb8a6d16372ad') in 0.044046 seconds 
========================================================================
Received Import Request.
  Time since last request: 0.000090 seconds.
  path: Assets/Models/fbx/crossbow_rare.fbx
  artifactKey: Guid(1e767ecc95c32004d91edb9922476c53) Importer(815301076,1909f56bfc062723c751e8b465ee728b)
Start importing Assets/Models/fbx/crossbow_rare.fbx using Guid(1e767ecc95c32004d91edb9922476c53) Importer(815301076,1909f56bfc062723c751e8b465ee728b)  -> (artifact id: '0b571e0dc57ece0298607d2b25f5e68d') in 0.046799 seconds 
========================================================================
Received Import Request.
  Time since last request: 2.284708 seconds.
  path: Assets/Models/gltf
  artifactKey: Guid(445799c43d3e00940997fc947ea96912) Importer(815301076,1909f56bfc062723c751e8b465ee728b)
Start importing Assets/Models/gltf using Guid(445799c43d3e00940997fc947ea96912) Importer(815301076,1909f56bfc062723c751e8b465ee728b)  -> (artifact id: '32fcc851226f6f49d53044249717b40b') in 0.008285 seconds 
========================================================================
Received Import Request.
  Time since last request: 6.120796 seconds.
  path: Assets/Models/obj/artifact.obj
  artifactKey: Guid(2ef08dee75234bd46813797cf727f592) Importer(815301076,1909f56bfc062723c751e8b465ee728b)
Start importing Assets/Models/obj/artifact.obj using Guid(2ef08dee75234bd46813797cf727f592) Importer(815301076,1909f56bfc062723c751e8b465ee728b)  -> (artifact id: 'f9869903dcbc6ac194e29afef28634a9') in 0.088603 seconds 
========================================================================
Received Import Request.
  Time since last request: 1.002319 seconds.
  path: Assets/Models/obj/floorDecoration_shatteredBricks.obj
  artifactKey: Guid(22bb7847ae431354ca6de4aa63fd4bf0) Importer(815301076,1909f56bfc062723c751e8b465ee728b)
Start importing Assets/Models/obj/floorDecoration_shatteredBricks.obj using Guid(22bb7847ae431354ca6de4aa63fd4bf0) Importer(815301076,1909f56bfc062723c751e8b465ee728b)  -> (artifact id: '0fa963510c61c69c16843dcc20b59122') in 0.104020 seconds 
========================================================================
Received Import Request.
  Time since last request: 0.000031 seconds.
  path: Assets/Models/fbx/floorDecoration_tilesSmall.fbx
  artifactKey: Guid(a39cbc94bcf5cd14ba92ef4b1994b9c0) Importer(815301076,1909f56bfc062723c751e8b465ee728b)
Start importing Assets/Models/fbx/floorDecoration_tilesSmall.fbx using Guid(a39cbc94bcf5cd14ba92ef4b1994b9c0) Importer(815301076,1909f56bfc062723c751e8b465ee728b)  -> (artifact id: '7dbcd6fb733928b2a6edb1e08f0cdb41') in 0.047086 seconds 
========================================================================
Received Import Request.
  Time since last request: 0.000029 seconds.
  path: Assets/Models/obj/floorDecoration_woodLeft.obj
  artifactKey: Guid(df50070f48bc5fe49b36dd9e1f12fd6d) Importer(815301076,1909f56bfc062723c751e8b465ee728b)
Start importing Assets/Models/obj/floorDecoration_woodLeft.obj using Guid(df50070f48bc5fe49b36dd9e1f12fd6d) Importer(815301076,1909f56bfc062723c751e8b465ee728b)  -> (artifact id: 'f07c52dfc4836a8075248f17bf885132') in 0.047303 seconds 
========================================================================
Received Import Request.
  Time since last request: 4.432477 seconds.
  path: Assets/Models/fbx/floorDecoration_woodRight.fbx
  artifactKey: Guid(ce60b9d3f6c3e6343b4efac5b48f6010) Importer(815301076,1909f56bfc062723c751e8b465ee728b)
Start importing Assets/Models/fbx/floorDecoration_woodRight.fbx using Guid(ce60b9d3f6c3e6343b4efac5b48f6010) Importer(815301076,1909f56bfc062723c751e8b465ee728b)  -> (artifact id: '79f5049f3d9091d06129ff02a31b8918') in 0.033049 seconds 
========================================================================
Received Import Request.
  Time since last request: 9.267726 seconds.
  path: Assets/Models/fbx/tileBrickA_large.fbx
  artifactKey: Guid(a8efaf4f890850f4d827be8739035669) Importer(815301076,1909f56bfc062723c751e8b465ee728b)
Start importing Assets/Models/fbx/tileBrickA_large.fbx using Guid(a8efaf4f890850f4d827be8739035669) Importer(815301076,1909f56bfc062723c751e8b465ee728b)  -> (artifact id: '99b12f0c7dcc594d8dbbaf83eebfddaf') in 0.114770 seconds 
========================================================================
Received Import Request.
  Time since last request: 0.000025 seconds.
  path: Assets/Models/dae/tileBrickA_small.dae
  artifactKey: Guid(c2cd4cdd0831ca04290c8b15730a917e) Importer(815301076,1909f56bfc062723c751e8b465ee728b)
Start importing Assets/Models/dae/tileBrickA_small.dae using Guid(c2cd4cdd0831ca04290c8b15730a917e) Importer(815301076,1909f56bfc062723c751e8b465ee728b)  -> (artifact id: 'd9c65e17709f24eab85de11954d9b1d6') in 0.059003 seconds 
========================================================================
Received Import Request.
  Time since last request: 2.291912 seconds.
  path: Assets/Models/obj/tileBrickA_small.obj
  artifactKey: Guid(ef944379dc3edbe4091373dd186a905d) Importer(815301076,1909f56bfc062723c751e8b465ee728b)
Start importing Assets/Models/obj/tileBrickA_small.obj using Guid(ef944379dc3edbe4091373dd186a905d) Importer(815301076,1909f56bfc062723c751e8b465ee728b)  -> (artifact id: '4b5a3652a1bfee2986f3db6ceeebb43e') in 0.100931 seconds 
========================================================================
Received Import Request.
  Time since last request: 0.081963 seconds.
  path: Assets/Models/fbx/tileBrickB_largeCrackedA.fbx
  artifactKey: Guid(7d0a60e9b6a98e54e803ae8bb908b980) Importer(815301076,1909f56bfc062723c751e8b465ee728b)
Start importing Assets/Models/fbx/tileBrickB_largeCrackedA.fbx using Guid(7d0a60e9b6a98e54e803ae8bb908b980) Importer(815301076,1909f56bfc062723c751e8b465ee728b)  -> (artifact id: '762913ba593b71bc359a30405b80cd54') in 0.042131 seconds 
========================================================================
Received Import Request.
  Time since last request: 3.816546 seconds.
  path: Assets/Models/dae/tileBrickB_largeCrackedB.dae
  artifactKey: Guid(a500f7709c6b7eb4cae2af2dd4f1b069) Importer(815301076,1909f56bfc062723c751e8b465ee728b)
Start importing Assets/Models/dae/tileBrickB_largeCrackedB.dae using Guid(a500f7709c6b7eb4cae2af2dd4f1b069) Importer(815301076,1909f56bfc062723c751e8b465ee728b)  -> (artifact id: 'e1bbf1ec2c10d0d36864ec3ceee2dcd9') in 0.101994 seconds 
========================================================================
Received Import Request.
  Time since last request: 0.064297 seconds.
  path: Assets/Models/dae/tileBrickB_medium.dae
  artifactKey: Guid(04d72031313a0cc4b9f9909ec97111f3) Importer(815301076,1909f56bfc062723c751e8b465ee728b)
Start importing Assets/Models/dae/tileBrickB_medium.dae using Guid(04d72031313a0cc4b9f9909ec97111f3) Importer(815301076,1909f56bfc062723c751e8b465ee728b)  -> (artifact id: '3829269b7abdb5c66df4c06471aa2cfd') in 0.044016 seconds 
========================================================================
Received Import Request.
  Time since last request: 30.142122 seconds.
  path: Assets/Models/fbx/tileBrickB_small.fbx
  artifactKey: Guid(da67630d81866364baa3a3ac783c1053) Importer(815301076,1909f56bfc062723c751e8b465ee728b)
Start importing Assets/Models/fbx/tileBrickB_small.fbx using Guid(da67630d81866364baa3a3ac783c1053) Importer(815301076,1909f56bfc062723c751e8b465ee728b)  -> (artifact id: '3655d218b1257c08a883ea3ea664d41c') in 0.034285 seconds 
========================================================================
Received Import Request.
  Time since last request: 0.000030 seconds.
  path: Assets/Models/obj/tileSpikes.obj
  artifactKey: Guid(63e7403e31caaa847ad7f1017c009ead) Importer(815301076,1909f56bfc062723c751e8b465ee728b)
Start importing Assets/Models/obj/tileSpikes.obj using Guid(63e7403e31caaa847ad7f1017c009ead) Importer(815301076,1909f56bfc062723c751e8b465ee728b)  -> (artifact id: '04b926a3f0f91e360f2428d04c39ba72') in 0.057568 seconds 
========================================================================
Received Import Request.
  Time since last request: 39.504921 seconds.
  path: Assets/Models/fbx/tileSpikes.fbx
  artifactKey: Guid(15df008199b8d7c479b721d0c51d5d01) Importer(815301076,1909f56bfc062723c751e8b465ee728b)
Start importing Assets/Models/fbx/tileSpikes.fbx using Guid(15df008199b8d7c479b721d0c51d5d01) Importer(815301076,1909f56bfc062723c751e8b465ee728b)  -> (artifact id: 'b584dea0dcb6dffb7ec85c8c96448194') in 0.094729 seconds 
========================================================================
Received Import Request.
  Time since last request: 0.000045 seconds.
  path: Assets/Models/fbx/tileSpikes_shallow.fbx
  artifactKey: Guid(0ab92407810dfaa4abd290b61c213c7b) Importer(815301076,1909f56bfc062723c751e8b465ee728b)
Start importing Assets/Models/fbx/tileSpikes_shallow.fbx using Guid(0ab92407810dfaa4abd290b61c213c7b) Importer(815301076,1909f56bfc062723c751e8b465ee728b)  -> (artifact id: 'f427f29abefaa1e79288d2b4c01c1976') in 0.086371 seconds 
========================================================================
Received Import Request.
  Time since last request: 0.314995 seconds.
  path: Assets/Models/obj/tileSpikes_shallow.obj
  artifactKey: Guid(ebfbf45d73b6f4647b1c06f993e507b3) Importer(815301076,1909f56bfc062723c751e8b465ee728b)
Start importing Assets/Models/obj/tileSpikes_shallow.obj using Guid(ebfbf45d73b6f4647b1c06f993e507b3) Importer(815301076,1909f56bfc062723c751e8b465ee728b)  -> (artifact id: 'e51fdf73d84e68a95d3e9cbc0293d1de') in 0.136292 seconds 
========================================================================
Received Prepare
Registering precompiled user dll's ...
Registered in 0.005762 seconds.
Begin MonoManager ReloadAssembly
Symbol file LoadedFromMemory doesn't match image C:\Users\savto\OneDrive\Documents\GitHub\rogue\Rogue\Library\PackageCache\com.unity.visualscripting@1.8.0\Editor\VisualScripting.Core\Dependencies\YamlDotNet\Unity.VisualScripting.YamlDotNet.dll
Symbol file LoadedFromMemory doesn't match image C:\Users\savto\OneDrive\Documents\GitHub\rogue\Rogue\Library\PackageCache\com.unity.visualscripting@1.8.0\Editor\VisualScripting.Core\Dependencies\DotNetZip\Unity.VisualScripting.IonicZip.dll
Native extension for WindowsStandalone target not found
Native extension for WebGL target not found
Refreshing native plugins compatible for Editor in 2.94 ms, found 3 plugins.
Preloading 0 native plugins for Editor in 0.00 ms.
Mono: successfully reloaded assembly
- Completed reload, in  1.692 seconds
Domain Reload Profiling:
	ReloadAssembly (1693ms)
		BeginReloadAssembly (163ms)
			ExecutionOrderSort (0ms)
			DisableScriptedObjects (6ms)
			BackupInstance (0ms)
			ReleaseScriptingObjects (0ms)
			CreateAndSetChildDomain (48ms)
		EndReloadAssembly (1399ms)
			LoadAssemblies (118ms)
			RebuildTransferFunctionScriptingTraits (0ms)
			SetupTypeCache (501ms)
			ReleaseScriptCaches (2ms)
			RebuildScriptCaches (91ms)
			SetupLoadedEditorAssemblies (555ms)
				LogAssemblyErrors (0ms)
				InitializePlatformSupportModulesInManaged (24ms)
				SetLoadedEditorAssemblies (1ms)
				RefreshPlugins (3ms)
				BeforeProcessingInitializeOnLoad (112ms)
				ProcessInitializeOnLoadAttributes (357ms)
				ProcessInitializeOnLoadMethodAttributes (43ms)
				AfterProcessingInitializeOnLoad (15ms)
				EditorAssembliesLoaded (0ms)
			ExecutionOrderSort2 (0ms)
			AwakeInstancesAfterBackupRestoration (20ms)
Platform modules already initialized, skipping
Refreshing native plugins compatible for Editor in 5.45 ms, found 3 plugins.
Preloading 0 native plugins for Editor in 0.00 ms.
Unloading 3158 Unused Serialized files (Serialized files now loaded: 0)
Unloading 30 unused Assets / (54.1 KB). Loaded Objects now: 3657.
Memory consumption went from 117.1 MB to 117.1 MB.
Total: 3.602700 ms (FindLiveObjects: 0.300500 ms CreateObjectMapping: 0.173500 ms MarkObjects: 3.055800 ms  DeleteObjects: 0.072000 ms)

AssetImportParameters requested are different than current active one (requested -> active):
  custom:video-decoder-ogg-theora: a1e56fd34408186e4bbccfd4996cb3dc -> 
  custom:container-muxer-webm: aa71ff27fc2769a1b78a27578f13a17b -> 
  custom:container-demuxer-webm: 4f35f7cbe854078d1ac9338744f61a02 -> 
  custom:video-encoder-webm-vp8: eb34c28f22e8b96e1ab97ce403110664 -> 
  custom:audio-encoder-webm-vorbis: bf7c407c2cedff20999df2af8eb42d56 -> 
  custom:framework-win-MediaFoundation: 216162199b28c13a410421893ffa2e32 -> 
  custom:container-demuxer-ogg: 62fdf1f143b41e24485cea50d1cbac27 -> 
  custom:video-decoder-webm-vp8: 9c59270c3fd7afecdb556c50c9e8de78 -> 
  custom:audio-decoder-ogg-vorbis: bf7c407c2cedff20999df2af8eb42d56 -> 
========================================================================
Received Import Request.
  Time since last request: 496.421130 seconds.
  path: Assets/Models/gltf/tileSpikes.gltf.glb
  artifactKey: Guid(b00e8c2095ed26d48b71136e2b88d1db) Importer(815301076,1909f56bfc062723c751e8b465ee728b)
Start importing Assets/Models/gltf/tileSpikes.gltf.glb using Guid(b00e8c2095ed26d48b71136e2b88d1db) Importer(815301076,1909f56bfc062723c751e8b465ee728b)  -> (artifact id: 'a800751cb681139e43b60e5a9bba064c') in 0.040251 seconds 
========================================================================
Received Import Request.
  Time since last request: 106.107081 seconds.
  path: Assets/Models/dae/stairs.dae
  artifactKey: Guid(5d20e496a649ab14bb56c09064698011) Importer(815301076,1909f56bfc062723c751e8b465ee728b)
Start importing Assets/Models/dae/stairs.dae using Guid(5d20e496a649ab14bb56c09064698011) Importer(815301076,1909f56bfc062723c751e8b465ee728b)  -> (artifact id: '0bc0fa5189961cfa5182dc9d940e30cf') in 0.151220 seconds 
========================================================================
Received Import Request.
  Time since last request: 0.000040 seconds.
  path: Assets/Models/dae/tableSmall.dae
  artifactKey: Guid(39c3095512d8a6a448ce55e9462f9955) Importer(815301076,1909f56bfc062723c751e8b465ee728b)
Start importing Assets/Models/dae/tableSmall.dae using Guid(39c3095512d8a6a448ce55e9462f9955) Importer(815301076,1909f56bfc062723c751e8b465ee728b)  -> (artifact id: 'c833d606552af3896d6780536464623b') in 0.042224 seconds 
========================================================================
Received Import Request.
  Time since last request: 0.000051 seconds.
  path: Assets/Models/dae/stool.dae
  artifactKey: Guid(5a6a52823971d9848aec4c92f2ad26b7) Importer(815301076,1909f56bfc062723c751e8b465ee728b)
Start importing Assets/Models/dae/stool.dae using Guid(5a6a52823971d9848aec4c92f2ad26b7) Importer(815301076,1909f56bfc062723c751e8b465ee728b)  -> (artifact id: '10f627a841f1e7634c544093d4dc8da5') in 0.040623 seconds 
========================================================================
Received Import Request.
  Time since last request: 0.000029 seconds.
  path: Assets/Models/dae/sword_common.dae
  artifactKey: Guid(590dd4b0f55f18744a67a31881107805) Importer(815301076,1909f56bfc062723c751e8b465ee728b)
Start importing Assets/Models/dae/sword_common.dae using Guid(590dd4b0f55f18744a67a31881107805) Importer(815301076,1909f56bfc062723c751e8b465ee728b)  -> (artifact id: '1ba21778d4af49c39f81b47c5a223612') in 0.058022 seconds 
========================================================================
Received Import Request.
  Time since last request: 0.000027 seconds.
  path: Assets/Models/dae/sword_rare.dae
  artifactKey: Guid(14294ce0e1728dc41b9eff8f5764bd46) Importer(815301076,1909f56bfc062723c751e8b465ee728b)
Start importing Assets/Models/dae/sword_rare.dae using Guid(14294ce0e1728dc41b9eff8f5764bd46) Importer(815301076,1909f56bfc062723c751e8b465ee728b)  -> (artifact id: '7fb5a634834ef17fb5c7bfc340576b4a') in 0.062845 seconds 
========================================================================
Received Import Request.
  Time since last request: 0.182473 seconds.
  path: Assets/Models/dae/torch.dae
  artifactKey: Guid(e138b3dcfbb7946478e4bd00bb90c905) Importer(815301076,1909f56bfc062723c751e8b465ee728b)
Start importing Assets/Models/dae/torch.dae using Guid(e138b3dcfbb7946478e4bd00bb90c905) Importer(815301076,1909f56bfc062723c751e8b465ee728b)  -> (artifact id: 'c30532dfbab43bd49799804f0efa6741') in 0.036675 seconds 
========================================================================
Received Import Request.
  Time since last request: 0.000026 seconds.
  path: Assets/Models/dae/wall_window.dae
  artifactKey: Guid(6454f0251155ca94097c4077c25c430a) Importer(815301076,1909f56bfc062723c751e8b465ee728b)
Start importing Assets/Models/dae/wall_window.dae using Guid(6454f0251155ca94097c4077c25c430a) Importer(815301076,1909f56bfc062723c751e8b465ee728b)  -> (artifact id: 'bfa76530e9b5c1f03385d85a418af6e2') in 0.044634 seconds 
========================================================================
Received Import Request.
  Time since last request: 0.000070 seconds.
  path: Assets/Models/dae/wall_broken.dae
  artifactKey: Guid(966a00d60f049ee4f892b806134a7d1f) Importer(815301076,1909f56bfc062723c751e8b465ee728b)
Start importing Assets/Models/dae/wall_broken.dae using Guid(966a00d60f049ee4f892b806134a7d1f) Importer(815301076,1909f56bfc062723c751e8b465ee728b)  -> (artifact id: 'd6e32acb23685fe4f4ab7869bd3a4a92') in 0.039447 seconds 
========================================================================
Received Import Request.
  Time since last request: 0.000025 seconds.
  path: Assets/Models/dae/wallSingle_split.dae
  artifactKey: Guid(18f9251da7c4de849a849305ba9c156f) Importer(815301076,1909f56bfc062723c751e8b465ee728b)
Start importing Assets/Models/dae/wallSingle_split.dae using Guid(18f9251da7c4de849a849305ba9c156f) Importer(815301076,1909f56bfc062723c751e8b465ee728b)  -> (artifact id: '9e9ed7a0201b19c9176bdf698b763b80') in 0.039298 seconds 
========================================================================
Received Import Request.
  Time since last request: 0.000051 seconds.
  path: Assets/Models/dae/weaponRack.dae
  artifactKey: Guid(f149548b1b8b1554ab059167cda03ae4) Importer(815301076,1909f56bfc062723c751e8b465ee728b)
Start importing Assets/Models/dae/weaponRack.dae using Guid(f149548b1b8b1554ab059167cda03ae4) Importer(815301076,1909f56bfc062723c751e8b465ee728b)  -> (artifact id: '84d100ad2b02af759a02e35a4dcf16cb') in 0.037891 seconds 
========================================================================
Received Import Request.
  Time since last request: 0.000053 seconds.
  path: Assets/Models/dae/wallSingle_decorationB.dae
  artifactKey: Guid(814ba15eb5a2bc74ebfe3456f918772f) Importer(815301076,1909f56bfc062723c751e8b465ee728b)
Start importing Assets/Models/dae/wallSingle_decorationB.dae using Guid(814ba15eb5a2bc74ebfe3456f918772f) Importer(815301076,1909f56bfc062723c751e8b465ee728b)  -> (artifact id: 'd0c664916a8215beef56d147a81da191') in 0.044371 seconds 
========================================================================
Received Import Request.
  Time since last request: 0.000029 seconds.
  path: Assets/Models/dae/wallSingle.dae
  artifactKey: Guid(f16cb1dc5b4002c4ba74b3a0aba0a442) Importer(815301076,1909f56bfc062723c751e8b465ee728b)
Start importing Assets/Models/dae/wallSingle.dae using Guid(f16cb1dc5b4002c4ba74b3a0aba0a442) Importer(815301076,1909f56bfc062723c751e8b465ee728b)  -> (artifact id: '4b948c82f7c66442b92f75d600643a6b') in 0.045374 seconds 
========================================================================
Received Import Request.
  Time since last request: 0.000026 seconds.
  path: Assets/Models/dae/wallIntersection.dae
  artifactKey: Guid(ff20b2cdf3a37534ba99dfa1409e1106) Importer(815301076,1909f56bfc062723c751e8b465ee728b)
Start importing Assets/Models/dae/wallIntersection.dae using Guid(ff20b2cdf3a37534ba99dfa1409e1106) Importer(815301076,1909f56bfc062723c751e8b465ee728b)  -> (artifact id: 'c78d82dca9911520d0235aba1048cf0b') in 0.052501 seconds 
========================================================================
Received Import Request.
  Time since last request: 0.000057 seconds.
  path: Assets/Models/dae/wall_end_broken.dae
  artifactKey: Guid(1258e71d5d306d6468165dad07f6c16f) Importer(815301076,1909f56bfc062723c751e8b465ee728b)
Start importing Assets/Models/dae/wall_end_broken.dae using Guid(1258e71d5d306d6468165dad07f6c16f) Importer(815301076,1909f56bfc062723c751e8b465ee728b)  -> (artifact id: 'a4640e5224a45b23845f399c9ea398af') in 0.055738 seconds 
========================================================================
Received Import Request.
  Time since last request: 0.000041 seconds.
  path: Assets/Models/dae/wall.dae
  artifactKey: Guid(46c73f6949bb799419bda89c606e1d32) Importer(815301076,1909f56bfc062723c751e8b465ee728b)
Start importing Assets/Models/dae/wall.dae using Guid(46c73f6949bb799419bda89c606e1d32) Importer(815301076,1909f56bfc062723c751e8b465ee728b)  -> (artifact id: '8681231cf780d26325688e9c11b8fa0b') in 0.044021 seconds 
========================================================================
Received Import Request.
  Time since last request: 0.000241 seconds.
  path: Assets/Models/dae/wallSingle_windowGate.dae
  artifactKey: Guid(c64a9dc9a82493a4498e9e80a587822e) Importer(815301076,1909f56bfc062723c751e8b465ee728b)
Start importing Assets/Models/dae/wallSingle_windowGate.dae using Guid(c64a9dc9a82493a4498e9e80a587822e) Importer(815301076,1909f56bfc062723c751e8b465ee728b)  -> (artifact id: 'd3f52fa8fc9ac673c36afc61ca059214') in 0.068162 seconds 
========================================================================
Received Import Request.
  Time since last request: 0.000030 seconds.
  path: Assets/Models/dae/wallSingle_broken.dae
  artifactKey: Guid(e052efe58c2e6c9478f36236764afc2e) Importer(815301076,1909f56bfc062723c751e8b465ee728b)
Start importing Assets/Models/dae/wallSingle_broken.dae using Guid(e052efe58c2e6c9478f36236764afc2e) Importer(815301076,1909f56bfc062723c751e8b465ee728b)  -> (artifact id: 'c899183467acab7ae445a1409a51d6f4') in 0.062862 seconds 
========================================================================
Received Import Request.
  Time since last request: 0.000049 seconds.
  path: Assets/Models/dae/wallSingle_corner.dae
  artifactKey: Guid(319f6d5a52447c346ae6c0995f068234) Importer(815301076,1909f56bfc062723c751e8b465ee728b)
Start importing Assets/Models/dae/wallSingle_corner.dae using Guid(319f6d5a52447c346ae6c0995f068234) Importer(815301076,1909f56bfc062723c751e8b465ee728b)  -> (artifact id: '321fc4bfe4d94971459d645fb1d46e1f') in 0.050718 seconds 
========================================================================
Received Import Request.
  Time since last request: 0.000025 seconds.
  path: Assets/Models/dae/wall_gate.dae
  artifactKey: Guid(feb26aae869eb024ba2874e684074931) Importer(815301076,1909f56bfc062723c751e8b465ee728b)
Start importing Assets/Models/dae/wall_gate.dae using Guid(feb26aae869eb024ba2874e684074931) Importer(815301076,1909f56bfc062723c751e8b465ee728b)  -> (artifact id: '1c38960ec4bb8689a5c865f3dfc17aeb') in 0.047272 seconds 
Editor requested this worker to shutdown with reason: Scaling down because of idle timeout
AssetImportWorker is now disconnected from the server
Process exiting
Exiting without the bug reporter. Application will terminate with return code 0