Using pre-set license
Built from '2021.3/staging' branch; Version is '2021.3.19f1 (c9714fde33b6) revision 13201743'; Using compiler version '192829333'; Build Type 'Release'
OS: 'Windows 11  (10.0.22000) 64bit Enterprise' Language: 'ru' Physical Memory: 16221 MB
BatchMode: 1, IsHumanControllingUs: 0, StartBugReporterOnCrash: 0, Is64bit: 1, IsPro: 1

COMMAND LINE ARGUMENTS:
C:\Program Files\Unity\Hub\Editor\2021.3.19f1\Editor\Unity.exe
-adb2
-batchMode
-noUpm
-name
AssetImportWorker3
-projectPath
C:/Users/savto/OneDrive/Documents/GitHub/rogue/Rogue
-logFile
Logs/AssetImportWorker3.log
-srvPort
62896
Successfully changed project path to: C:/Users/savto/OneDrive/Documents/GitHub/rogue/Rogue
C:/Users/savto/OneDrive/Documents/GitHub/rogue/Rogue
[UnityMemory] Configuration Parameters - Can be set up in boot.config
    "memorysetup-bucket-allocator-granularity=16"
    "memorysetup-bucket-allocator-bucket-count=8"
    "memorysetup-bucket-allocator-block-size=33554432"
    "memorysetup-bucket-allocator-block-count=8"
    "memorysetup-main-allocator-block-size=16777216"
    "memorysetup-thread-allocator-block-size=16777216"
    "memorysetup-gfx-main-allocator-block-size=16777216"
    "memorysetup-gfx-thread-allocator-block-size=16777216"
    "memorysetup-cache-allocator-block-size=4194304"
    "memorysetup-typetree-allocator-block-size=2097152"
    "memorysetup-profiler-bucket-allocator-granularity=16"
    "memorysetup-profiler-bucket-allocator-bucket-count=8"
    "memorysetup-profiler-bucket-allocator-block-size=33554432"
    "memorysetup-profiler-bucket-allocator-block-count=8"
    "memorysetup-profiler-allocator-block-size=16777216"
    "memorysetup-profiler-editor-allocator-block-size=1048576"
    "memorysetup-temp-allocator-size-main=16777216"
    "memorysetup-job-temp-allocator-block-size=2097152"
    "memorysetup-job-temp-allocator-block-size-background=1048576"
    "memorysetup-job-temp-allocator-reduction-small-platforms=262144"
    "memorysetup-temp-allocator-size-background-worker=32768"
    "memorysetup-temp-allocator-size-job-worker=262144"
    "memorysetup-temp-allocator-size-preload-manager=33554432"
    "memorysetup-temp-allocator-size-nav-mesh-worker=65536"
    "memorysetup-temp-allocator-size-audio-worker=65536"
    "memorysetup-temp-allocator-size-cloud-worker=32768"
    "memorysetup-temp-allocator-size-gi-baking-worker=262144"
    "memorysetup-temp-allocator-size-gfx=262144"
Player connection [1532] Host "[IP] 192.168.56.1 [Port] 0 [Flags] 2 [Guid] 892345928 [EditorId] 892345928 [Version] 1048832 [Id] WindowsEditor(7,asolovyevv) [Debug] 1 [PackageName] WindowsEditor [ProjectName] Editor" joined multi-casting on [225.0.0.222:54997]...

Player connection [1532] Host "[IP] 192.168.56.1 [Port] 0 [Flags] 2 [Guid] 892345928 [EditorId] 892345928 [Version] 1048832 [Id] WindowsEditor(7,asolovyevv) [Debug] 1 [PackageName] WindowsEditor [ProjectName] Editor" joined alternative multi-casting on [225.0.0.222:34997]...

Refreshing native plugins compatible for Editor in 155.36 ms, found 3 plugins.
Preloading 0 native plugins for Editor in 0.00 ms.
Initialize engine version: 2021.3.19f1 (c9714fde33b6)
[Subsystems] Discovering subsystems at path C:/Program Files/Unity/Hub/Editor/2021.3.19f1/Editor/Data/Resources/UnitySubsystems
[Subsystems] Discovering subsystems at path C:/Users/savto/OneDrive/Documents/GitHub/rogue/Rogue/Assets
GfxDevice: creating device client; threaded=0; jobified=0
Direct3D:
    Version:  Direct3D 11.0 [level 11.1]
    Renderer: NVIDIA GeForce GTX 1650 (ID=0x1f99)
    Vendor:   NVIDIA
    VRAM:     3950 MB
    Driver:   31.0.15.2698
Initialize mono
Mono path[0] = 'C:/Program Files/Unity/Hub/Editor/2021.3.19f1/Editor/Data/Managed'
Mono path[1] = 'C:/Program Files/Unity/Hub/Editor/2021.3.19f1/Editor/Data/MonoBleedingEdge/lib/mono/unityjit-win32'
Mono config path = 'C:/Program Files/Unity/Hub/Editor/2021.3.19f1/Editor/Data/MonoBleedingEdge/etc'
Using monoOptions --debugger-agent=transport=dt_socket,embedding=1,server=y,suspend=n,address=127.0.0.1:56328
Begin MonoManager ReloadAssembly
Registering precompiled unity dll's ...
Register platform support module: C:/Program Files/Unity/Hub/Editor/2021.3.19f1/Editor/Data/PlaybackEngines/WebGLSupport/UnityEditor.WebGL.Extensions.dll
Register platform support module: C:/Program Files/Unity/Hub/Editor/2021.3.19f1/Editor/Data/PlaybackEngines/WindowsStandaloneSupport/UnityEditor.WindowsStandalone.Extensions.dll
Registered in 0.015524 seconds.
Native extension for WindowsStandalone target not found
Native extension for WebGL target not found
Refreshing native plugins compatible for Editor in 92.27 ms, found 3 plugins.
Preloading 0 native plugins for Editor in 0.00 ms.
Mono: successfully reloaded assembly
- Completed reload, in  1.108 seconds
Domain Reload Profiling:
	ReloadAssembly (1109ms)
		BeginReloadAssembly (175ms)
			ExecutionOrderSort (0ms)
			DisableScriptedObjects (0ms)
			BackupInstance (0ms)
			ReleaseScriptingObjects (0ms)
			CreateAndSetChildDomain (1ms)
		EndReloadAssembly (560ms)
			LoadAssemblies (172ms)
			RebuildTransferFunctionScriptingTraits (1ms)
			SetupTypeCache (192ms)
			ReleaseScriptCaches (0ms)
			RebuildScriptCaches (32ms)
			SetupLoadedEditorAssemblies (276ms)
				LogAssemblyErrors (0ms)
				InitializePlatformSupportModulesInManaged (9ms)
				SetLoadedEditorAssemblies (0ms)
				RefreshPlugins (92ms)
				BeforeProcessingInitializeOnLoad (2ms)
				ProcessInitializeOnLoadAttributes (122ms)
				ProcessInitializeOnLoadMethodAttributes (50ms)
				AfterProcessingInitializeOnLoad (0ms)
				EditorAssembliesLoaded (0ms)
			ExecutionOrderSort2 (0ms)
			AwakeInstancesAfterBackupRestoration (0ms)
Platform modules already initialized, skipping
Registering precompiled user dll's ...
Registered in 0.004847 seconds.
Begin MonoManager ReloadAssembly
Symbol file LoadedFromMemory doesn't match image C:\Users\savto\OneDrive\Documents\GitHub\rogue\Rogue\Library\PackageCache\com.unity.visualscripting@1.8.0\Editor\VisualScripting.Core\Dependencies\YamlDotNet\Unity.VisualScripting.YamlDotNet.dll
Symbol file LoadedFromMemory doesn't match image C:\Users\savto\OneDrive\Documents\GitHub\rogue\Rogue\Library\PackageCache\com.unity.visualscripting@1.8.0\Editor\VisualScripting.Core\Dependencies\DotNetZip\Unity.VisualScripting.IonicZip.dll
Native extension for WindowsStandalone target not found
Native extension for WebGL target not found
Refreshing native plugins compatible for Editor in 1.39 ms, found 3 plugins.
Preloading 0 native plugins for Editor in 0.00 ms.
Mono: successfully reloaded assembly
Package Manager log level set to [2]
- Completed reload, in  1.102 seconds
Domain Reload Profiling:
	ReloadAssembly (1103ms)
		BeginReloadAssembly (112ms)
			ExecutionOrderSort (0ms)
			DisableScriptedObjects (5ms)
			BackupInstance (0ms)
			ReleaseScriptingObjects (0ms)
			CreateAndSetChildDomain (20ms)
		EndReloadAssembly (870ms)
			LoadAssemblies (82ms)
			RebuildTransferFunctionScriptingTraits (0ms)
			SetupTypeCache (230ms)
			ReleaseScriptCaches (1ms)
			RebuildScriptCaches (56ms)
			SetupLoadedEditorAssemblies (442ms)
				LogAssemblyErrors (0ms)
				InitializePlatformSupportModulesInManaged (8ms)
				SetLoadedEditorAssemblies (1ms)
				RefreshPlugins (2ms)
				BeforeProcessingInitializeOnLoad (96ms)
				ProcessInitializeOnLoadAttributes (299ms)
				ProcessInitializeOnLoadMethodAttributes (28ms)
				AfterProcessingInitializeOnLoad (9ms)
				EditorAssembliesLoaded (0ms)
			ExecutionOrderSort2 (0ms)
			AwakeInstancesAfterBackupRestoration (7ms)
Platform modules already initialized, skipping
========================================================================
Worker process is ready to serve import requests
Launched and connected shader compiler UnityShaderCompiler.exe after 0.06 seconds
Refreshing native plugins compatible for Editor in 2.20 ms, found 3 plugins.
Preloading 0 native plugins for Editor in 0.00 ms.
Unloading 3163 Unused Serialized files (Serialized files now loaded: 0)
Unloading 37 unused Assets / (87.7 KB). Loaded Objects now: 3610.
Memory consumption went from 112.6 MB to 112.5 MB.
Total: 5.214000 ms (FindLiveObjects: 0.468800 ms CreateObjectMapping: 0.512700 ms MarkObjects: 4.098200 ms  DeleteObjects: 0.132500 ms)

AssetImportParameters requested are different than current active one (requested -> active):
  custom:video-decoder-ogg-theora: a1e56fd34408186e4bbccfd4996cb3dc -> 
  custom:container-muxer-webm: aa71ff27fc2769a1b78a27578f13a17b -> 
  custom:container-demuxer-webm: 4f35f7cbe854078d1ac9338744f61a02 -> 
  custom:video-encoder-webm-vp8: eb34c28f22e8b96e1ab97ce403110664 -> 
  custom:audio-encoder-webm-vorbis: bf7c407c2cedff20999df2af8eb42d56 -> 
  custom:framework-win-MediaFoundation: 216162199b28c13a410421893ffa2e32 -> 
  custom:container-demuxer-ogg: 62fdf1f143b41e24485cea50d1cbac27 -> 
  custom:video-decoder-webm-vp8: 9c59270c3fd7afecdb556c50c9e8de78 -> 
  custom:audio-decoder-ogg-vorbis: bf7c407c2cedff20999df2af8eb42d56 -> 
========================================================================
Received Import Request.
  Time since last request: 5164.021308 seconds.
  path: Assets/Models/fbx/scaffold_small_low_railing.fbx
  artifactKey: Guid(736b32aee2fd2f94bb3913efa7e0676e) Importer(815301076,1909f56bfc062723c751e8b465ee728b)
Start importing Assets/Models/fbx/scaffold_small_low_railing.fbx using Guid(736b32aee2fd2f94bb3913efa7e0676e) Importer(815301076,1909f56bfc062723c751e8b465ee728b)  -> (artifact id: '301926212aec25de9b8007cab067fdc5') in 0.380834 seconds 
========================================================================
Received Import Request.
  Time since last request: 0.000061 seconds.
  path: Assets/Models/fbx/wall_end_broken.fbx
  artifactKey: Guid(df299d6c84fee1f408995ec93298a900) Importer(815301076,1909f56bfc062723c751e8b465ee728b)
Start importing Assets/Models/fbx/wall_end_broken.fbx using Guid(df299d6c84fee1f408995ec93298a900) Importer(815301076,1909f56bfc062723c751e8b465ee728b)  -> (artifact id: '7d51d19cec3b0fd2571968961cfc1581') in 0.067321 seconds 
========================================================================
Received Import Request.
  Time since last request: 0.000039 seconds.
  path: Assets/Models/fbx/shield_common.fbx
  artifactKey: Guid(3bafa4feee525ab46847a45a29e3d9b1) Importer(815301076,1909f56bfc062723c751e8b465ee728b)
Start importing Assets/Models/fbx/shield_common.fbx using Guid(3bafa4feee525ab46847a45a29e3d9b1) Importer(815301076,1909f56bfc062723c751e8b465ee728b)  -> (artifact id: 'e9c4e2ddfdf93751a3edeb3bc6d22bdc') in 0.060751 seconds 
========================================================================
Received Import Request.
  Time since last request: 0.000041 seconds.
  path: Assets/Models/fbx/scaffold_small_low_railing_long.fbx
  artifactKey: Guid(1083f925d800ead41912824667c8651b) Importer(815301076,1909f56bfc062723c751e8b465ee728b)
Start importing Assets/Models/fbx/scaffold_small_low_railing_long.fbx using Guid(1083f925d800ead41912824667c8651b) Importer(815301076,1909f56bfc062723c751e8b465ee728b)  -> (artifact id: '4d6fede505d99e0d0d29ec2d535f90c9') in 0.039272 seconds 
========================================================================
Received Import Request.
  Time since last request: 0.000023 seconds.
  path: Assets/Models/fbx/sword_common.fbx
  artifactKey: Guid(0e6c33df3bddb7e4eb9c4b755df254cc) Importer(815301076,1909f56bfc062723c751e8b465ee728b)
Start importing Assets/Models/fbx/sword_common.fbx using Guid(0e6c33df3bddb7e4eb9c4b755df254cc) Importer(815301076,1909f56bfc062723c751e8b465ee728b)  -> (artifact id: 'c455337c75c4c4100f52b40c7667873e') in 0.052277 seconds 
========================================================================
Received Import Request.
  Time since last request: 0.000031 seconds.
  path: Assets/Models/fbx/stool.fbx
  artifactKey: Guid(6925b1165cc34f94391e841295d900e0) Importer(815301076,1909f56bfc062723c751e8b465ee728b)
Start importing Assets/Models/fbx/stool.fbx using Guid(6925b1165cc34f94391e841295d900e0) Importer(815301076,1909f56bfc062723c751e8b465ee728b)  -> (artifact id: '2e7192539e88fbacf79bf552b97025e3') in 0.047234 seconds 
========================================================================
Received Import Request.
  Time since last request: 0.000039 seconds.
  path: Assets/Models/fbx/shield_rare.fbx
  artifactKey: Guid(8080cbe25632dce4191b29d4ed0bec52) Importer(815301076,1909f56bfc062723c751e8b465ee728b)
Start importing Assets/Models/fbx/shield_rare.fbx using Guid(8080cbe25632dce4191b29d4ed0bec52) Importer(815301076,1909f56bfc062723c751e8b465ee728b)  -> (artifact id: '8c8c7c7f7657f2a7296ff51cccf578a1') in 0.050052 seconds 
========================================================================
Received Import Request.
  Time since last request: 0.000091 seconds.
  path: Assets/Models/fbx/scaffold_small_medium_long.fbx
  artifactKey: Guid(2c79f842a5d321b44b2c5deac28a4709) Importer(815301076,1909f56bfc062723c751e8b465ee728b)
Start importing Assets/Models/fbx/scaffold_small_medium_long.fbx using Guid(2c79f842a5d321b44b2c5deac28a4709) Importer(815301076,1909f56bfc062723c751e8b465ee728b)  -> (artifact id: 'a276e150d6b03d592ebdc67fced459ee') in 0.037504 seconds 
========================================================================
Received Import Request.
  Time since last request: 0.000032 seconds.
  path: Assets/Models/fbx/scaffold_small_medium_railing.fbx
  artifactKey: Guid(031e675ee216f0946bdba4e1caf03d4b) Importer(815301076,1909f56bfc062723c751e8b465ee728b)
Start importing Assets/Models/fbx/scaffold_small_medium_railing.fbx using Guid(031e675ee216f0946bdba4e1caf03d4b) Importer(815301076,1909f56bfc062723c751e8b465ee728b)  -> (artifact id: '1be2cb3e780bdb3e030f75dc577659a1') in 0.037060 seconds 
========================================================================
Received Import Request.
  Time since last request: 0.000034 seconds.
  path: Assets/Models/fbx/scaffold_small_medium_railing_long.fbx
  artifactKey: Guid(d2ac6bc04118a4449922c2b881506f7d) Importer(815301076,1909f56bfc062723c751e8b465ee728b)
Start importing Assets/Models/fbx/scaffold_small_medium_railing_long.fbx using Guid(d2ac6bc04118a4449922c2b881506f7d) Importer(815301076,1909f56bfc062723c751e8b465ee728b)  -> (artifact id: '2ce7577834d9164d34afc9b0c6fd0847') in 0.031693 seconds 
========================================================================
Received Import Request.
  Time since last request: 0.000048 seconds.
  path: Assets/Models/fbx/tableMedium.fbx
  artifactKey: Guid(92a1e4662c0998545939f8fddcfc04a4) Importer(815301076,1909f56bfc062723c751e8b465ee728b)
Start importing Assets/Models/fbx/tableMedium.fbx using Guid(92a1e4662c0998545939f8fddcfc04a4) Importer(815301076,1909f56bfc062723c751e8b465ee728b)  -> (artifact id: '302d57ea063679e78011acc3c064d0cb') in 0.034939 seconds 
========================================================================
Received Import Request.
  Time since last request: 0.000101 seconds.
  path: Assets/Models/fbx/wall_gate.fbx
  artifactKey: Guid(bd0126d93d43fb2469452d2f99a83d80) Importer(815301076,1909f56bfc062723c751e8b465ee728b)
Start importing Assets/Models/fbx/wall_gate.fbx using Guid(bd0126d93d43fb2469452d2f99a83d80) Importer(815301076,1909f56bfc062723c751e8b465ee728b)  -> (artifact id: '2f6babd80afae424a3dcb6733b18f5e8') in 0.053984 seconds 
========================================================================
Received Import Request.
  Time since last request: 0.000029 seconds.
  path: Assets/Models/fbx/wall_window.fbx
  artifactKey: Guid(b6558679995d4e7419015bc06eed3f60) Importer(815301076,1909f56bfc062723c751e8b465ee728b)
Start importing Assets/Models/fbx/wall_window.fbx using Guid(b6558679995d4e7419015bc06eed3f60) Importer(815301076,1909f56bfc062723c751e8b465ee728b)  -> (artifact id: 'd0db79d7f7caceb5606727b0e1dbcce2') in 0.049334 seconds 
========================================================================
Received Import Request.
  Time since last request: 0.000137 seconds.
  path: Assets/Models/fbx/tableLarge.fbx
  artifactKey: Guid(85a2fa79d0fbaee4382b21b474665c50) Importer(815301076,1909f56bfc062723c751e8b465ee728b)
Start importing Assets/Models/fbx/tableLarge.fbx using Guid(85a2fa79d0fbaee4382b21b474665c50) Importer(815301076,1909f56bfc062723c751e8b465ee728b)  -> (artifact id: 'e478d34921f9db5a48126fb985c989b0') in 0.036810 seconds 
========================================================================
Received Import Request.
  Time since last request: 0.000043 seconds.
  path: Assets/Models/fbx/trapdoor.fbx
  artifactKey: Guid(667e8d5a738ff62489f3e0ed27c9d1b6) Importer(815301076,1909f56bfc062723c751e8b465ee728b)
Start importing Assets/Models/fbx/trapdoor.fbx using Guid(667e8d5a738ff62489f3e0ed27c9d1b6) Importer(815301076,1909f56bfc062723c751e8b465ee728b)  -> (artifact id: '99fc9e097574c1ce99471008db1c046c') in 0.038618 seconds 
========================================================================
Received Import Request.
  Time since last request: 0.000113 seconds.
  path: Assets/Models/fbx/wall_gateDoor.fbx
  artifactKey: Guid(5eb7da130fc3d2d40b1142f96a506de5) Importer(815301076,1909f56bfc062723c751e8b465ee728b)
Start importing Assets/Models/fbx/wall_gateDoor.fbx using Guid(5eb7da130fc3d2d40b1142f96a506de5) Importer(815301076,1909f56bfc062723c751e8b465ee728b)  -> (artifact id: '99a16dc39f13ce3be2285d491823cbaa') in 0.043492 seconds 
========================================================================
Received Import Request.
  Time since last request: 0.000091 seconds.
  path: Assets/Models/fbx/tableSmall.fbx
  artifactKey: Guid(eb10036e05126614d8f7567e6dfd133b) Importer(815301076,1909f56bfc062723c751e8b465ee728b)
Start importing Assets/Models/fbx/tableSmall.fbx using Guid(eb10036e05126614d8f7567e6dfd133b) Importer(815301076,1909f56bfc062723c751e8b465ee728b)  -> (artifact id: '699890c7927b532de44cff520ad3171c') in 0.038973 seconds 
========================================================================
Received Import Request.
  Time since last request: 0.340197 seconds.
  path: Assets/Models/fbx/wallCorner.fbx
  artifactKey: Guid(1e8b67b58e2c89c4dbecc24c4fe8eaba) Importer(815301076,1909f56bfc062723c751e8b465ee728b)
Start importing Assets/Models/fbx/wallCorner.fbx using Guid(1e8b67b58e2c89c4dbecc24c4fe8eaba) Importer(815301076,1909f56bfc062723c751e8b465ee728b)  -> (artifact id: '2832aa2817076ae41995496dc01cfb11') in 0.034392 seconds 
========================================================================
Received Import Request.
  Time since last request: 0.000027 seconds.
  path: Assets/Models/fbx/wallDecorationB.fbx
  artifactKey: Guid(84b07bc8f0214e949bafd851e650c579) Importer(815301076,1909f56bfc062723c751e8b465ee728b)
Start importing Assets/Models/fbx/wallDecorationB.fbx using Guid(84b07bc8f0214e949bafd851e650c579) Importer(815301076,1909f56bfc062723c751e8b465ee728b)  -> (artifact id: '267d00e4f6d63b9ed2802a1c652573ba') in 0.038200 seconds 
========================================================================
Received Import Request.
  Time since last request: 0.000083 seconds.
  path: Assets/Models/fbx/wallSingle_door.fbx
  artifactKey: Guid(d2fb71ce9c6ad43428a1ecace0c8cd68) Importer(815301076,1909f56bfc062723c751e8b465ee728b)
Start importing Assets/Models/fbx/wallSingle_door.fbx using Guid(d2fb71ce9c6ad43428a1ecace0c8cd68) Importer(815301076,1909f56bfc062723c751e8b465ee728b)  -> (artifact id: '733befebf288559b03c52186af906718') in 0.040254 seconds 
========================================================================
Received Import Request.
  Time since last request: 0.000117 seconds.
  path: Assets/Models/fbx/wallSingle_split.fbx
  artifactKey: Guid(4ed7f79c47c33ce41bd64c3700a1f03c) Importer(815301076,1909f56bfc062723c751e8b465ee728b)
Start importing Assets/Models/fbx/wallSingle_split.fbx using Guid(4ed7f79c47c33ce41bd64c3700a1f03c) Importer(815301076,1909f56bfc062723c751e8b465ee728b)  -> (artifact id: '2b8c69e8221b02a9d1a67448b5ab2992') in 0.045261 seconds 
========================================================================
Received Import Request.
  Time since last request: 0.000058 seconds.
  path: Assets/Models/fbx/wallIntersection.fbx
  artifactKey: Guid(eb8645ca367728242a279d1c878ed5ce) Importer(815301076,1909f56bfc062723c751e8b465ee728b)
Start importing Assets/Models/fbx/wallIntersection.fbx using Guid(eb8645ca367728242a279d1c878ed5ce) Importer(815301076,1909f56bfc062723c751e8b465ee728b)  -> (artifact id: '7d89b5fe9b40c0a29309d7cbe3392dc9') in 0.050734 seconds 
========================================================================
Received Import Request.
  Time since last request: 0.000022 seconds.
  path: Assets/Models/fbx/wallSingle.fbx
  artifactKey: Guid(0f43a04d05e1ede428d7710efb2c55ba) Importer(815301076,1909f56bfc062723c751e8b465ee728b)
Start importing Assets/Models/fbx/wallSingle.fbx using Guid(0f43a04d05e1ede428d7710efb2c55ba) Importer(815301076,1909f56bfc062723c751e8b465ee728b)  -> (artifact id: 'b6a8d2fba494d16339c6ee8dba69c316') in 0.042574 seconds 
========================================================================
Received Import Request.
  Time since last request: 0.000096 seconds.
  path: Assets/Models/fbx/wallSingle_window.fbx
  artifactKey: Guid(75a5e392e5332c843bc9ba8dc854a4ef) Importer(815301076,1909f56bfc062723c751e8b465ee728b)
Start importing Assets/Models/fbx/wallSingle_window.fbx using Guid(75a5e392e5332c843bc9ba8dc854a4ef) Importer(815301076,1909f56bfc062723c751e8b465ee728b)  -> (artifact id: 'a8488bef80a58d61389f101414b1c033') in 0.043595 seconds 
========================================================================
Received Import Request.
  Time since last request: 0.000036 seconds.
  path: Assets/Models/fbx/weaponRack.fbx
  artifactKey: Guid(e21a962309d36ef41b24de0f37cfb9cc) Importer(815301076,1909f56bfc062723c751e8b465ee728b)
Start importing Assets/Models/fbx/weaponRack.fbx using Guid(e21a962309d36ef41b24de0f37cfb9cc) Importer(815301076,1909f56bfc062723c751e8b465ee728b)  -> (artifact id: '33a0902b1865817785cfc18e17978530') in 0.040187 seconds 
========================================================================
Received Import Request.
  Time since last request: 28.770704 seconds.
  path: Assets/Models/fbx/scaffold_medium_railing.fbx
  artifactKey: Guid(3eb639cd356515e40b773b0b1c6dcfe2) Importer(815301076,1909f56bfc062723c751e8b465ee728b)
Start importing Assets/Models/fbx/scaffold_medium_railing.fbx using Guid(3eb639cd356515e40b773b0b1c6dcfe2) Importer(815301076,1909f56bfc062723c751e8b465ee728b)  -> (artifact id: 'eee3eb5c4344fd36efb793d5eab5ddba') in 0.081504 seconds 
========================================================================
Received Import Request.
  Time since last request: 0.000045 seconds.
  path: Assets/Models/fbx/scaffold_small_high_long.fbx
  artifactKey: Guid(52aa626419a163a49bbe9309c6de41c4) Importer(815301076,1909f56bfc062723c751e8b465ee728b)
Start importing Assets/Models/fbx/scaffold_small_high_long.fbx using Guid(52aa626419a163a49bbe9309c6de41c4) Importer(815301076,1909f56bfc062723c751e8b465ee728b)  -> (artifact id: 'e30320d4cb3916f0dca119f70edbf49b') in 0.038822 seconds 
========================================================================
Received Import Request.
  Time since last request: 0.000027 seconds.
  path: Assets/Models/fbx/scaffold_small_low.fbx
  artifactKey: Guid(bb426b4c7f852ee4487a1788b9a6cde9) Importer(815301076,1909f56bfc062723c751e8b465ee728b)
Start importing Assets/Models/fbx/scaffold_small_low.fbx using Guid(bb426b4c7f852ee4487a1788b9a6cde9) Importer(815301076,1909f56bfc062723c751e8b465ee728b)  -> (artifact id: '930996c0ec0baca8190a065d8874ab32') in 0.032877 seconds 
========================================================================
Received Import Request.
  Time since last request: 0.000094 seconds.
  path: Assets/Models/fbx/scaffold_small_low_cornerLeft.fbx
  artifactKey: Guid(ef1f3ee79f2d1a84497a2064f0494743) Importer(815301076,1909f56bfc062723c751e8b465ee728b)
Start importing Assets/Models/fbx/scaffold_small_low_cornerLeft.fbx using Guid(ef1f3ee79f2d1a84497a2064f0494743) Importer(815301076,1909f56bfc062723c751e8b465ee728b)  -> (artifact id: '47567fce474a06e0382fc8d54186810a') in 0.043372 seconds 
========================================================================
Received Import Request.
  Time since last request: 0.000090 seconds.
  path: Assets/Models/fbx/scaffold_small_high.fbx
  artifactKey: Guid(2e55610cc99e25a4ea09474adef89bdd) Importer(815301076,1909f56bfc062723c751e8b465ee728b)
Start importing Assets/Models/fbx/scaffold_small_high.fbx using Guid(2e55610cc99e25a4ea09474adef89bdd) Importer(815301076,1909f56bfc062723c751e8b465ee728b)  -> (artifact id: '7a37d1221c9bfe8d4f8fdb570404b8e1') in 0.070492 seconds 
========================================================================
Received Import Request.
  Time since last request: 0.744982 seconds.
  path: Assets/Models/fbx/scaffold_high_cornerLeft.fbx
  artifactKey: Guid(a3ea770515ece2e4b906fbe8161335e8) Importer(815301076,1909f56bfc062723c751e8b465ee728b)
Start importing Assets/Models/fbx/scaffold_high_cornerLeft.fbx using Guid(a3ea770515ece2e4b906fbe8161335e8) Importer(815301076,1909f56bfc062723c751e8b465ee728b)  -> (artifact id: '6992d282a6785aa25956d87094deb07d') in 0.086726 seconds 
========================================================================
Received Import Request.
  Time since last request: 0.000079 seconds.
  path: Assets/Models/fbx/scaffold_high_railing.fbx
  artifactKey: Guid(0a79d9cc156da2541a02ccf10b28a140) Importer(815301076,1909f56bfc062723c751e8b465ee728b)
Start importing Assets/Models/fbx/scaffold_high_railing.fbx using Guid(0a79d9cc156da2541a02ccf10b28a140) Importer(815301076,1909f56bfc062723c751e8b465ee728b)  -> (artifact id: 'e8df7b9607a609c46b66eee88490ffa8') in 0.044614 seconds 
========================================================================
Received Import Request.
  Time since last request: 0.000036 seconds.
  path: Assets/Models/fbx/scaffold_low_cornerBoth.fbx
  artifactKey: Guid(da993a3caf507c4479a6c431e9c72d2c) Importer(815301076,1909f56bfc062723c751e8b465ee728b)
Start importing Assets/Models/fbx/scaffold_low_cornerBoth.fbx using Guid(da993a3caf507c4479a6c431e9c72d2c) Importer(815301076,1909f56bfc062723c751e8b465ee728b)  -> (artifact id: '560ac09052b5d89bba4e8cb91ea75a26') in 0.031378 seconds 
========================================================================
Received Import Request.
  Time since last request: 0.000048 seconds.
  path: Assets/Models/fbx/scaffold_low_cornerLeft.fbx
  artifactKey: Guid(b575508e5fb89ba48972bce61e4d8200) Importer(815301076,1909f56bfc062723c751e8b465ee728b)
Start importing Assets/Models/fbx/scaffold_low_cornerLeft.fbx using Guid(b575508e5fb89ba48972bce61e4d8200) Importer(815301076,1909f56bfc062723c751e8b465ee728b)  -> (artifact id: '1cd5a637a653a1686b9913e04b11032f') in 0.047911 seconds 
========================================================================
Received Import Request.
  Time since last request: 0.011743 seconds.
  path: Assets/Models/fbx/potionMedium_blue.fbx
  artifactKey: Guid(0e256ccbd5ab98946ad8aaa12f95d146) Importer(815301076,1909f56bfc062723c751e8b465ee728b)
Start importing Assets/Models/fbx/potionMedium_blue.fbx using Guid(0e256ccbd5ab98946ad8aaa12f95d146) Importer(815301076,1909f56bfc062723c751e8b465ee728b)  -> (artifact id: '81a7ca09826bd8776292945279e2bed6') in 0.406267 seconds 
========================================================================
Received Import Request.
  Time since last request: 0.000033 seconds.
  path: Assets/Models/fbx/potionMedium_red.fbx
  artifactKey: Guid(ce39aa056bfb9174db4b80edc57c3ce2) Importer(815301076,1909f56bfc062723c751e8b465ee728b)
Start importing Assets/Models/fbx/potionMedium_red.fbx using Guid(ce39aa056bfb9174db4b80edc57c3ce2) Importer(815301076,1909f56bfc062723c751e8b465ee728b)  -> (artifact id: 'de2e1effa8c1e25a845e98d37a37bbfc') in 0.053933 seconds 
========================================================================
Received Import Request.
  Time since last request: 0.000047 seconds.
  path: Assets/Models/fbx/potionSmall_blue.fbx
  artifactKey: Guid(9b4afd323abf9984199f68ec6807d26b) Importer(815301076,1909f56bfc062723c751e8b465ee728b)
Start importing Assets/Models/fbx/potionSmall_blue.fbx using Guid(9b4afd323abf9984199f68ec6807d26b) Importer(815301076,1909f56bfc062723c751e8b465ee728b)  -> (artifact id: '8a5c5ff4ec21f7f9a8d43ed016271cb6') in 0.044208 seconds 
========================================================================
Received Import Request.
  Time since last request: 0.000036 seconds.
  path: Assets/Models/fbx/pots.fbx
  artifactKey: Guid(8476449521e6b3344b842e4617f2e13b) Importer(815301076,1909f56bfc062723c751e8b465ee728b)
Start importing Assets/Models/fbx/pots.fbx using Guid(8476449521e6b3344b842e4617f2e13b) Importer(815301076,1909f56bfc062723c751e8b465ee728b)  -> (artifact id: '3fe0d26e41f61791d0bdb8203e191aa1') in 0.044514 seconds 
========================================================================
Received Import Request.
  Time since last request: 0.031996 seconds.
  path: Assets/Models/fbx/plate.fbx
  artifactKey: Guid(d53389fd96c8d0a4183acabb09597876) Importer(815301076,1909f56bfc062723c751e8b465ee728b)
Start importing Assets/Models/fbx/plate.fbx using Guid(d53389fd96c8d0a4183acabb09597876) Importer(815301076,1909f56bfc062723c751e8b465ee728b)  -> (artifact id: '4e46870e79d29e5b02e6ecaf4f62f53e') in 0.029229 seconds 
========================================================================
Received Import Request.
  Time since last request: 0.000062 seconds.
  path: Assets/Models/fbx/potA.fbx
  artifactKey: Guid(e6baa564dbf7ca144bd7b216fbe1e1af) Importer(815301076,1909f56bfc062723c751e8b465ee728b)
Start importing Assets/Models/fbx/potA.fbx using Guid(e6baa564dbf7ca144bd7b216fbe1e1af) Importer(815301076,1909f56bfc062723c751e8b465ee728b)  -> (artifact id: '770041dbb2d405e8844001b32a090f6a') in 0.049950 seconds 
========================================================================
Received Import Request.
  Time since last request: 0.000039 seconds.
  path: Assets/Models/fbx/mug.fbx
  artifactKey: Guid(f627ade5d4edb55459dfcdfc0af37a70) Importer(815301076,1909f56bfc062723c751e8b465ee728b)
Start importing Assets/Models/fbx/mug.fbx using Guid(f627ade5d4edb55459dfcdfc0af37a70) Importer(815301076,1909f56bfc062723c751e8b465ee728b)  -> (artifact id: 'ecb456ca029a0cecab890a9c3789f43b') in 0.042814 seconds 
========================================================================
Received Import Request.
  Time since last request: 0.000097 seconds.
  path: Assets/Models/fbx/hammer_rare.fbx
  artifactKey: Guid(68c5c337e8f2e5446825002725f5c59e) Importer(815301076,1909f56bfc062723c751e8b465ee728b)
Start importing Assets/Models/fbx/hammer_rare.fbx using Guid(68c5c337e8f2e5446825002725f5c59e) Importer(815301076,1909f56bfc062723c751e8b465ee728b)  -> (artifact id: '3bb6cbef32459e1088a9bca61de1b823') in 0.045381 seconds 
========================================================================
Received Import Request.
  Time since last request: 0.000041 seconds.
  path: Assets/Models/fbx/plateFull.fbx
  artifactKey: Guid(c06a2ecc76418cd43b3a828679fb0927) Importer(815301076,1909f56bfc062723c751e8b465ee728b)
Start importing Assets/Models/fbx/plateFull.fbx using Guid(c06a2ecc76418cd43b3a828679fb0927) Importer(815301076,1909f56bfc062723c751e8b465ee728b)  -> (artifact id: '2d69428833f9dac35dd849a46e016122') in 0.050147 seconds 
========================================================================
Received Import Request.
  Time since last request: 0.000039 seconds.
  path: Assets/Models/fbx/lootSackB.fbx
  artifactKey: Guid(642d8594b9e7df24c861384139fe90a0) Importer(815301076,1909f56bfc062723c751e8b465ee728b)
Start importing Assets/Models/fbx/lootSackB.fbx using Guid(642d8594b9e7df24c861384139fe90a0) Importer(815301076,1909f56bfc062723c751e8b465ee728b)  -> (artifact id: 'd64e1e4c6fb154bdb7fc225006a8bb50') in 0.042094 seconds 
========================================================================
Received Import Request.
  Time since last request: 8.873705 seconds.
  path: Assets/Models/fbx/door_gate.fbx
  artifactKey: Guid(090731b4273fcba4b9373236e5237d74) Importer(815301076,1909f56bfc062723c751e8b465ee728b)
Start importing Assets/Models/fbx/door_gate.fbx using Guid(090731b4273fcba4b9373236e5237d74) Importer(815301076,1909f56bfc062723c751e8b465ee728b)  -> (artifact id: '63890d9035f6cc1d41fdb600413a171d') in 0.121045 seconds 
========================================================================
Received Import Request.
  Time since last request: 9.357260 seconds.
  path: Assets/Models/obj/chestTop_common_empty.obj
  artifactKey: Guid(61bda53ead7d0d64a892bdebe6b8beea) Importer(815301076,1909f56bfc062723c751e8b465ee728b)
Start importing Assets/Models/obj/chestTop_common_empty.obj using Guid(61bda53ead7d0d64a892bdebe6b8beea) Importer(815301076,1909f56bfc062723c751e8b465ee728b)  -> (artifact id: 'b975da9af7d8d0b352063b616ad9c4b0') in 0.082746 seconds 
========================================================================
Received Import Request.
  Time since last request: 0.000036 seconds.
  path: Assets/Models/obj/dagger_common.obj
  artifactKey: Guid(8e4d56b9bd387094ea93e865dd9dd77f) Importer(815301076,1909f56bfc062723c751e8b465ee728b)
Start importing Assets/Models/obj/dagger_common.obj using Guid(8e4d56b9bd387094ea93e865dd9dd77f) Importer(815301076,1909f56bfc062723c751e8b465ee728b)  -> (artifact id: '1ecccbe76944c5d69d5aa76e908ebea8') in 0.070113 seconds 
========================================================================
Received Import Request.
  Time since last request: 0.000040 seconds.
  path: Assets/Models/obj/crossbow_rare.obj
  artifactKey: Guid(993350eee7039bc44b7d99127b96d707) Importer(815301076,1909f56bfc062723c751e8b465ee728b)
Start importing Assets/Models/obj/crossbow_rare.obj using Guid(993350eee7039bc44b7d99127b96d707) Importer(815301076,1909f56bfc062723c751e8b465ee728b)  -> (artifact id: 'e5d2633d889c7fd298804aa19565e1f0') in 0.053236 seconds 
========================================================================
Received Import Request.
  Time since last request: 0.000032 seconds.
  path: Assets/Models/obj/cratePlatform_medium.obj
  artifactKey: Guid(daa227d8748f35a48a983ef22389d6ff) Importer(815301076,1909f56bfc062723c751e8b465ee728b)
Start importing Assets/Models/obj/cratePlatform_medium.obj using Guid(daa227d8748f35a48a983ef22389d6ff) Importer(815301076,1909f56bfc062723c751e8b465ee728b)  -> (artifact id: '6eca3fcc8668eaca83083c0bfd7435b0') in 0.042841 seconds 
========================================================================
Received Import Request.
  Time since last request: 0.000163 seconds.
  path: Assets/Models/obj/crate.obj
  artifactKey: Guid(d381a7a0c0788b540a33d600cbabc267) Importer(815301076,1909f56bfc062723c751e8b465ee728b)
Start importing Assets/Models/obj/crate.obj using Guid(d381a7a0c0788b540a33d600cbabc267) Importer(815301076,1909f56bfc062723c751e8b465ee728b)  -> (artifact id: '3b8b3c7c67e51134fbab1e32307a6dc7') in 0.046178 seconds 
========================================================================
Received Import Request.
  Time since last request: 0.000101 seconds.
  path: Assets/Models/obj/door.obj
  artifactKey: Guid(075c2ce70b3c50541b9d2b7f410cf174) Importer(815301076,1909f56bfc062723c751e8b465ee728b)
Start importing Assets/Models/obj/door.obj using Guid(075c2ce70b3c50541b9d2b7f410cf174) Importer(815301076,1909f56bfc062723c751e8b465ee728b)  -> (artifact id: 'cf6785d45eedf8daa07d8cdbef0c609f') in 0.089600 seconds 
========================================================================
Received Import Request.
  Time since last request: 0.000082 seconds.
  path: Assets/Models/obj/chestTop_uncommon_mimic.obj
  artifactKey: Guid(1bb39fcd56f90b246a8edce9657c8a65) Importer(815301076,1909f56bfc062723c751e8b465ee728b)
Start importing Assets/Models/obj/chestTop_uncommon_mimic.obj using Guid(1bb39fcd56f90b246a8edce9657c8a65) Importer(815301076,1909f56bfc062723c751e8b465ee728b)  -> (artifact id: 'da888a6b01dedff96c98a1ee7727a305') in 0.103670 seconds 
========================================================================
Received Import Request.
  Time since last request: 0.000196 seconds.
  path: Assets/Models/obj/cratePlatform_large.obj
  artifactKey: Guid(3013fc5ebd99c8243a9532ff82e313a2) Importer(815301076,1909f56bfc062723c751e8b465ee728b)
Start importing Assets/Models/obj/cratePlatform_large.obj using Guid(3013fc5ebd99c8243a9532ff82e313a2) Importer(815301076,1909f56bfc062723c751e8b465ee728b)  -> (artifact id: '26c07ce174035c751ea57d7c5b15ef0f') in 0.050198 seconds 
========================================================================
Received Import Request.
  Time since last request: 0.451377 seconds.
  path: Assets/Models/obj/chest_common_empty.obj
  artifactKey: Guid(5d8a6bd32557ff4459672046fb1f64d0) Importer(815301076,1909f56bfc062723c751e8b465ee728b)
Start importing Assets/Models/obj/chest_common_empty.obj using Guid(5d8a6bd32557ff4459672046fb1f64d0) Importer(815301076,1909f56bfc062723c751e8b465ee728b)  -> (artifact id: 'bf8aa15ea0872dc6e835c1b898b1c50f') in 0.070983 seconds 
========================================================================
Received Import Request.
  Time since last request: 0.000043 seconds.
  path: Assets/Models/obj/chest_rare.obj
  artifactKey: Guid(35c7b6169f65cbf49acac3a31e2235e2) Importer(815301076,1909f56bfc062723c751e8b465ee728b)
Start importing Assets/Models/obj/chest_rare.obj using Guid(35c7b6169f65cbf49acac3a31e2235e2) Importer(815301076,1909f56bfc062723c751e8b465ee728b)  -> (artifact id: 'e1e81df3e69797a8c7d7d0982485eaf2') in 0.056801 seconds 
========================================================================
Received Import Request.
  Time since last request: 0.000119 seconds.
  path: Assets/Models/obj/bookF.obj
  artifactKey: Guid(2a659164f1f3071478d4051a077d1b4e) Importer(815301076,1909f56bfc062723c751e8b465ee728b)
Start importing Assets/Models/obj/bookF.obj using Guid(2a659164f1f3071478d4051a077d1b4e) Importer(815301076,1909f56bfc062723c751e8b465ee728b)  -> (artifact id: '3030faf11bb15445dd2ba0223fee808f') in 0.057182 seconds 
========================================================================
Received Import Request.
  Time since last request: 0.000073 seconds.
  path: Assets/Models/obj/bookcaseFilled_broken.obj
  artifactKey: Guid(66a6b453a3a993b4188c0bb9869b62c8) Importer(815301076,1909f56bfc062723c751e8b465ee728b)
Start importing Assets/Models/obj/bookcaseFilled_broken.obj using Guid(66a6b453a3a993b4188c0bb9869b62c8) Importer(815301076,1909f56bfc062723c751e8b465ee728b)  -> (artifact id: '5ec2ecad901bacc3b9367a9382ba197e') in 0.084989 seconds 
========================================================================
Received Import Request.
  Time since last request: 0.000106 seconds.
  path: Assets/Models/obj/bricks.obj
  artifactKey: Guid(274263b8e1713c14e97e46ffb7d6718b) Importer(815301076,1909f56bfc062723c751e8b465ee728b)
Start importing Assets/Models/obj/bricks.obj using Guid(274263b8e1713c14e97e46ffb7d6718b) Importer(815301076,1909f56bfc062723c751e8b465ee728b)  -> (artifact id: '5156006df88b7945c8a55869a0755c42') in 0.053842 seconds 
========================================================================
Received Import Request.
  Time since last request: 0.000036 seconds.
  path: Assets/Models/obj/bookOpenA.obj
  artifactKey: Guid(844e3cc03e488dd44a3f4601eb643cd9) Importer(815301076,1909f56bfc062723c751e8b465ee728b)
Start importing Assets/Models/obj/bookOpenA.obj using Guid(844e3cc03e488dd44a3f4601eb643cd9) Importer(815301076,1909f56bfc062723c751e8b465ee728b)  -> (artifact id: '7556bcd21aa80a054ffe743b11305416') in 0.070995 seconds 
========================================================================
Received Import Request.
  Time since last request: 0.841886 seconds.
  path: Assets/Models/obj/hammer_uncommon.obj
  artifactKey: Guid(8b5026657d23b444fb3c37faf6229268) Importer(815301076,1909f56bfc062723c751e8b465ee728b)
Start importing Assets/Models/obj/hammer_uncommon.obj using Guid(8b5026657d23b444fb3c37faf6229268) Importer(815301076,1909f56bfc062723c751e8b465ee728b)  -> (artifact id: 'dfecd57924aac5a985e6b56daf189f55') in 0.120545 seconds 
========================================================================
Received Import Request.
  Time since last request: 0.000032 seconds.
  path: Assets/Models/obj/pillar_broken.obj
  artifactKey: Guid(219a90e55edc9d94db6fd5123d722627) Importer(815301076,1909f56bfc062723c751e8b465ee728b)
Start importing Assets/Models/obj/pillar_broken.obj using Guid(219a90e55edc9d94db6fd5123d722627) Importer(815301076,1909f56bfc062723c751e8b465ee728b)  -> (artifact id: '5cafed889cd8cbc47446083b05f60820') in 0.048840 seconds 
========================================================================
Received Import Request.
  Time since last request: 0.000037 seconds.
  path: Assets/Models/obj/pillar.obj
  artifactKey: Guid(4a45c88068af89e438d86eb0b485d84e) Importer(815301076,1909f56bfc062723c751e8b465ee728b)
Start importing Assets/Models/obj/pillar.obj using Guid(4a45c88068af89e438d86eb0b485d84e) Importer(815301076,1909f56bfc062723c751e8b465ee728b)  -> (artifact id: '1d4f2af63d977610f8c926ae62d2b5f6') in 0.055975 seconds 
========================================================================
Received Import Request.
  Time since last request: 0.000160 seconds.
  path: Assets/Models/obj/mug.obj
  artifactKey: Guid(f2a3bb4dbed03b14e893698be4e2e632) Importer(815301076,1909f56bfc062723c751e8b465ee728b)
Start importing Assets/Models/obj/mug.obj using Guid(f2a3bb4dbed03b14e893698be4e2e632) Importer(815301076,1909f56bfc062723c751e8b465ee728b)  -> (artifact id: 'fd6b944ed730259979f23ad960860cd1') in 0.057227 seconds 
========================================================================
Received Import Request.
  Time since last request: 0.185578 seconds.
  path: Assets/Models/obj/potB_decorated.obj
  artifactKey: Guid(d6b1d7e3c4be9c143aa75c9ed4b02cc2) Importer(815301076,1909f56bfc062723c751e8b465ee728b)
Start importing Assets/Models/obj/potB_decorated.obj using Guid(d6b1d7e3c4be9c143aa75c9ed4b02cc2) Importer(815301076,1909f56bfc062723c751e8b465ee728b)  -> (artifact id: 'fbebaaadd9883b518fd864ab2ab04566') in 0.099132 seconds 
========================================================================
Received Import Request.
  Time since last request: 0.000050 seconds.
  path: Assets/Models/obj/potC_decorated.obj
  artifactKey: Guid(3c8b11f2acaa11446a6edaf1d3b0798e) Importer(815301076,1909f56bfc062723c751e8b465ee728b)
Start importing Assets/Models/obj/potC_decorated.obj using Guid(3c8b11f2acaa11446a6edaf1d3b0798e) Importer(815301076,1909f56bfc062723c751e8b465ee728b)  -> (artifact id: '3b6f3d11aa0c56ca808bc7d31b9f679f') in 0.056425 seconds 
========================================================================
Received Import Request.
  Time since last request: 0.156072 seconds.
  path: Assets/Models/obj/potionMedium_blue.obj
  artifactKey: Guid(78d5eb0bb1a3f5840b5297b54817d54b) Importer(815301076,1909f56bfc062723c751e8b465ee728b)
Start importing Assets/Models/obj/potionMedium_blue.obj using Guid(78d5eb0bb1a3f5840b5297b54817d54b) Importer(815301076,1909f56bfc062723c751e8b465ee728b)  -> (artifact id: '465ae62d9f311d26d7d145dfaa0de6fa') in 0.142607 seconds 
========================================================================
Received Import Request.
  Time since last request: 0.000044 seconds.
  path: Assets/Models/obj/pots.obj
  artifactKey: Guid(a762827e4b296f24089d218cb8e3a4c5) Importer(815301076,1909f56bfc062723c751e8b465ee728b)
Start importing Assets/Models/obj/pots.obj using Guid(a762827e4b296f24089d218cb8e3a4c5) Importer(815301076,1909f56bfc062723c751e8b465ee728b)  -> (artifact id: '1f554886885e484c2ea1f26ebfa22498') in 0.054731 seconds 
========================================================================
Received Import Request.
  Time since last request: 0.000045 seconds.
  path: Assets/Models/obj/quiver_half_full.obj
  artifactKey: Guid(d5bc1e2f97092da45a8c9325d48239f4) Importer(815301076,1909f56bfc062723c751e8b465ee728b)
Start importing Assets/Models/obj/quiver_half_full.obj using Guid(d5bc1e2f97092da45a8c9325d48239f4) Importer(815301076,1909f56bfc062723c751e8b465ee728b)  -> (artifact id: '5f418910472e05f79045f139350ad99e') in 0.074964 seconds 
========================================================================
Received Import Request.
  Time since last request: 0.000034 seconds.
  path: Assets/Models/obj/scaffold_high.obj
  artifactKey: Guid(a9b0dec82d783e2449ddbe3dd9095e4b) Importer(815301076,1909f56bfc062723c751e8b465ee728b)
Start importing Assets/Models/obj/scaffold_high.obj using Guid(a9b0dec82d783e2449ddbe3dd9095e4b) Importer(815301076,1909f56bfc062723c751e8b465ee728b)  -> (artifact id: 'd18f5a4b0c8661c69ea05b1e37462c1a') in 0.052807 seconds 
========================================================================
Received Import Request.
  Time since last request: 0.000029 seconds.
  path: Assets/Models/obj/scaffold_high_cornerBoth.obj
  artifactKey: Guid(24926bce5e068e74fb04a170a96887c5) Importer(815301076,1909f56bfc062723c751e8b465ee728b)
Start importing Assets/Models/obj/scaffold_high_cornerBoth.obj using Guid(24926bce5e068e74fb04a170a96887c5) Importer(815301076,1909f56bfc062723c751e8b465ee728b)  -> (artifact id: '903c17b33fc65619f1c95eea0e2eb291') in 0.043622 seconds 
========================================================================
Received Import Request.
  Time since last request: 0.000118 seconds.
  path: Assets/Models/obj/quiver_full.obj
  artifactKey: Guid(811a42a68c6546b44aea937215fe5a7a) Importer(815301076,1909f56bfc062723c751e8b465ee728b)
Start importing Assets/Models/obj/quiver_full.obj using Guid(811a42a68c6546b44aea937215fe5a7a) Importer(815301076,1909f56bfc062723c751e8b465ee728b)  -> (artifact id: '59457ab100e7a16ff569cd509501eb10') in 0.067999 seconds 
========================================================================
Received Import Request.
  Time since last request: 0.063343 seconds.
  path: Assets/Models/obj/scaffold_low_cornerRight.obj
  artifactKey: Guid(1ad8ad3c118e655418b5d527225e0f1e) Importer(815301076,1909f56bfc062723c751e8b465ee728b)
Start importing Assets/Models/obj/scaffold_low_cornerRight.obj using Guid(1ad8ad3c118e655418b5d527225e0f1e) Importer(815301076,1909f56bfc062723c751e8b465ee728b)  -> (artifact id: '87d98194ae4c88971e45f0dfb96f0ba4') in 0.030188 seconds 
========================================================================
Received Import Request.
  Time since last request: 0.000097 seconds.
  path: Assets/Models/obj/scaffold_medium_cornerBoth.obj
  artifactKey: Guid(8c7b0798a3c93914681255fa014354ba) Importer(815301076,1909f56bfc062723c751e8b465ee728b)
Start importing Assets/Models/obj/scaffold_medium_cornerBoth.obj using Guid(8c7b0798a3c93914681255fa014354ba) Importer(815301076,1909f56bfc062723c751e8b465ee728b)  -> (artifact id: '8ced5b2bf6181235f96efd31b3d3f0ca') in 0.043651 seconds 
========================================================================
Received Import Request.
  Time since last request: 0.000035 seconds.
  path: Assets/Models/obj/scaffold_small_high_cornerLeft.obj
  artifactKey: Guid(d92b04e2ce7076046b7fb48f099ce7c3) Importer(815301076,1909f56bfc062723c751e8b465ee728b)
Start importing Assets/Models/obj/scaffold_small_high_cornerLeft.obj using Guid(d92b04e2ce7076046b7fb48f099ce7c3) Importer(815301076,1909f56bfc062723c751e8b465ee728b)  -> (artifact id: 'da73b3ec7f0e4d39f273e288bef85fa8') in 0.035233 seconds 
========================================================================
Received Import Request.
  Time since last request: 0.000033 seconds.
  path: Assets/Models/obj/scaffold_small_high_railing.obj
  artifactKey: Guid(aa048fd9add55a4408366afc657847ad) Importer(815301076,1909f56bfc062723c751e8b465ee728b)
Start importing Assets/Models/obj/scaffold_small_high_railing.obj using Guid(aa048fd9add55a4408366afc657847ad) Importer(815301076,1909f56bfc062723c751e8b465ee728b)  -> (artifact id: '797f8099355383fee2c9c23b532b572e') in 0.040285 seconds 
========================================================================
Received Import Request.
  Time since last request: 0.000053 seconds.
  path: Assets/Models/obj/scaffold_small_high_railing_long.obj
  artifactKey: Guid(2a4839863d7861b4fa01320f0ad19ae4) Importer(815301076,1909f56bfc062723c751e8b465ee728b)
Start importing Assets/Models/obj/scaffold_small_high_railing_long.obj using Guid(2a4839863d7861b4fa01320f0ad19ae4) Importer(815301076,1909f56bfc062723c751e8b465ee728b)  -> (artifact id: '0688c49d0d1d2bea6bc75a775d69ae8d') in 0.034661 seconds 
========================================================================
Received Import Request.
  Time since last request: 0.000027 seconds.
  path: Assets/Models/obj/scaffold_medium_cornerLeft.obj
  artifactKey: Guid(4a460e4bd9173634ab45d03a446a9315) Importer(815301076,1909f56bfc062723c751e8b465ee728b)
Start importing Assets/Models/obj/scaffold_medium_cornerLeft.obj using Guid(4a460e4bd9173634ab45d03a446a9315) Importer(815301076,1909f56bfc062723c751e8b465ee728b)  -> (artifact id: '5228b0ceeb38d4e59c18eb8759f347ea') in 0.038619 seconds 
========================================================================
Received Import Request.
  Time since last request: 0.296983 seconds.
  path: Assets/Models/obj/scaffold_small_low_railing_long.obj
  artifactKey: Guid(7f43b135ccc4b2c4f8c9fa46aa44b4d7) Importer(815301076,1909f56bfc062723c751e8b465ee728b)
Start importing Assets/Models/obj/scaffold_small_low_railing_long.obj using Guid(7f43b135ccc4b2c4f8c9fa46aa44b4d7) Importer(815301076,1909f56bfc062723c751e8b465ee728b)  -> (artifact id: '15c64d13847774c2b8fc656b367d13da') in 0.095813 seconds 
========================================================================
Received Import Request.
  Time since last request: 0.000055 seconds.
  path: Assets/Models/obj/scaffold_small_medium.obj
  artifactKey: Guid(1747a875e4100824d9af5ada17c8d58f) Importer(815301076,1909f56bfc062723c751e8b465ee728b)
Start importing Assets/Models/obj/scaffold_small_medium.obj using Guid(1747a875e4100824d9af5ada17c8d58f) Importer(815301076,1909f56bfc062723c751e8b465ee728b)  -> (artifact id: '218b70e34fda550323b7a34328aa2f21') in 0.044311 seconds 
========================================================================
Received Import Request.
  Time since last request: 0.000044 seconds.
  path: Assets/Models/obj/shield_common.obj
  artifactKey: Guid(22b24f76b5b6caf429d40e76411a9126) Importer(815301076,1909f56bfc062723c751e8b465ee728b)
Start importing Assets/Models/obj/shield_common.obj using Guid(22b24f76b5b6caf429d40e76411a9126) Importer(815301076,1909f56bfc062723c751e8b465ee728b)  -> (artifact id: '043681879020677a8b66db08ac9705ef') in 0.057549 seconds 
========================================================================
Received Import Request.
  Time since last request: 0.000025 seconds.
  path: Assets/Models/obj/scaffold_small_medium_railing.obj
  artifactKey: Guid(57021db5104c7594497272452db9f2c5) Importer(815301076,1909f56bfc062723c751e8b465ee728b)
Start importing Assets/Models/obj/scaffold_small_medium_railing.obj using Guid(57021db5104c7594497272452db9f2c5) Importer(815301076,1909f56bfc062723c751e8b465ee728b)  -> (artifact id: 'ac645a504dfa23e9e60af06d39030091') in 0.046059 seconds 
========================================================================
Received Import Request.
  Time since last request: 0.000028 seconds.
  path: Assets/Models/obj/spellBook.obj
  artifactKey: Guid(c70ac7cf35961484e864245f17fdeaff) Importer(815301076,1909f56bfc062723c751e8b465ee728b)
Start importing Assets/Models/obj/spellBook.obj using Guid(c70ac7cf35961484e864245f17fdeaff) Importer(815301076,1909f56bfc062723c751e8b465ee728b)  -> (artifact id: '864bc2a4b87992151945365ed85cafea') in 0.068174 seconds 
========================================================================
Received Import Request.
  Time since last request: 0.000099 seconds.
  path: Assets/Models/obj/tableLarge.obj
  artifactKey: Guid(cfdc1e9682b310e4cac426a84992a15d) Importer(815301076,1909f56bfc062723c751e8b465ee728b)
Start importing Assets/Models/obj/tableLarge.obj using Guid(cfdc1e9682b310e4cac426a84992a15d) Importer(815301076,1909f56bfc062723c751e8b465ee728b)  -> (artifact id: '1cf2105a82aec93153a140f8efd390eb') in 0.057118 seconds 
========================================================================
Received Import Request.
  Time since last request: 0.000044 seconds.
  path: Assets/Models/obj/staff_uncommon.obj
  artifactKey: Guid(892410a04927d7445bed24afcee4bf0a) Importer(815301076,1909f56bfc062723c751e8b465ee728b)
Start importing Assets/Models/obj/staff_uncommon.obj using Guid(892410a04927d7445bed24afcee4bf0a) Importer(815301076,1909f56bfc062723c751e8b465ee728b)  -> (artifact id: '4737aaf25562d491bd87693b2a7a614f') in 0.079268 seconds 
========================================================================
Received Import Request.
  Time since last request: 0.000080 seconds.
  path: Assets/Models/obj/stairs.obj
  artifactKey: Guid(b73dd35754257494ea948fcb96295b2f) Importer(815301076,1909f56bfc062723c751e8b465ee728b)
Start importing Assets/Models/obj/stairs.obj using Guid(b73dd35754257494ea948fcb96295b2f) Importer(815301076,1909f56bfc062723c751e8b465ee728b)  -> (artifact id: 'ae1b5dfb517466c98918cfc374b6fc9b') in 0.039489 seconds 
========================================================================
Received Import Request.
  Time since last request: 0.354145 seconds.
  path: Assets/Models/obj/trapdoor.obj
  artifactKey: Guid(c1049cb2505e59044a0cf018a943750a) Importer(815301076,1909f56bfc062723c751e8b465ee728b)
Start importing Assets/Models/obj/trapdoor.obj using Guid(c1049cb2505e59044a0cf018a943750a) Importer(815301076,1909f56bfc062723c751e8b465ee728b)  -> (artifact id: '5b2538b4c15a0fdbe4e4cd15968bd0f2') in 0.061945 seconds 
========================================================================
Received Import Request.
  Time since last request: 0.000019 seconds.
  path: Assets/Models/obj/wallCorner.obj
  artifactKey: Guid(bd2e6102eb269e645b268aff27309004) Importer(815301076,1909f56bfc062723c751e8b465ee728b)
Start importing Assets/Models/obj/wallCorner.obj using Guid(bd2e6102eb269e645b268aff27309004) Importer(815301076,1909f56bfc062723c751e8b465ee728b)  -> (artifact id: 'cecb30f6479138b9aab900bc6bc3273d') in 0.042396 seconds 
========================================================================
Received Import Request.
  Time since last request: 0.000078 seconds.
  path: Assets/Models/obj/wall_gate.obj
  artifactKey: Guid(11e05140cfa6fc84b8aaab98adeb596f) Importer(815301076,1909f56bfc062723c751e8b465ee728b)
Start importing Assets/Models/obj/wall_gate.obj using Guid(11e05140cfa6fc84b8aaab98adeb596f) Importer(815301076,1909f56bfc062723c751e8b465ee728b)  -> (artifact id: 'f3f2dfd4348b605554dc68b35c753416') in 0.055489 seconds 
========================================================================
Received Import Request.
  Time since last request: 0.000054 seconds.
  path: Assets/Models/obj/wall_end_broken.obj
  artifactKey: Guid(be9308620b7464b4cb7048b29b875eb1) Importer(815301076,1909f56bfc062723c751e8b465ee728b)
Start importing Assets/Models/obj/wall_end_broken.obj using Guid(be9308620b7464b4cb7048b29b875eb1) Importer(815301076,1909f56bfc062723c751e8b465ee728b)  -> (artifact id: 'da1e992bcd93e48a329278e841390811') in 0.045656 seconds 
========================================================================
Received Import Request.
  Time since last request: 0.000064 seconds.
  path: Assets/Models/obj/wall_door.obj
  artifactKey: Guid(d7f7a2a549f60904cbc8c6e86f4b854d) Importer(815301076,1909f56bfc062723c751e8b465ee728b)
Start importing Assets/Models/obj/wall_door.obj using Guid(d7f7a2a549f60904cbc8c6e86f4b854d) Importer(815301076,1909f56bfc062723c751e8b465ee728b)  -> (artifact id: '436bb1853c036e8363fcfe750b72851c') in 0.048767 seconds 
========================================================================
Received Import Request.
  Time since last request: 0.000086 seconds.
  path: Assets/Models/obj/wallIntersection.obj
  artifactKey: Guid(78920f3f17160984896d093979262d99) Importer(815301076,1909f56bfc062723c751e8b465ee728b)
Start importing Assets/Models/obj/wallIntersection.obj using Guid(78920f3f17160984896d093979262d99) Importer(815301076,1909f56bfc062723c751e8b465ee728b)  -> (artifact id: '38ee14e65acef474888b66cbe3d0e51a') in 0.042599 seconds 
========================================================================
Received Import Request.
  Time since last request: 0.039896 seconds.
  path: Assets/Models/obj/wallSingle_corner.obj
  artifactKey: Guid(c6e23266458f68b42bb04ac5ba0783e4) Importer(815301076,1909f56bfc062723c751e8b465ee728b)
Start importing Assets/Models/obj/wallSingle_corner.obj using Guid(c6e23266458f68b42bb04ac5ba0783e4) Importer(815301076,1909f56bfc062723c751e8b465ee728b)  -> (artifact id: '572e46737ed4c196fab767d529230814') in 0.057656 seconds 
========================================================================
Received Import Request.
  Time since last request: 0.000114 seconds.
  path: Assets/Models/obj/wallSingle_door.obj
  artifactKey: Guid(8291beddd4e0184478b99d42490fc5c3) Importer(815301076,1909f56bfc062723c751e8b465ee728b)
Start importing Assets/Models/obj/wallSingle_door.obj using Guid(8291beddd4e0184478b99d42490fc5c3) Importer(815301076,1909f56bfc062723c751e8b465ee728b)  -> (artifact id: '6fd382a2255d8f319f178ca7a15d1fc7') in 0.057685 seconds 
========================================================================
Received Import Request.
  Time since last request: 0.000030 seconds.
  path: Assets/Models/obj/wallSingle_window.obj
  artifactKey: Guid(117e8f3002af97b4e84e5107330364b6) Importer(815301076,1909f56bfc062723c751e8b465ee728b)
Start importing Assets/Models/obj/wallSingle_window.obj using Guid(117e8f3002af97b4e84e5107330364b6) Importer(815301076,1909f56bfc062723c751e8b465ee728b)  -> (artifact id: '08d161d394c47963e778aa07dba536e3') in 0.063272 seconds 
Editor requested this worker to shutdown with reason: Scaling down because of idle timeout
AssetImportWorker is now disconnected from the server
Process exiting
Exiting without the bug reporter. Application will terminate with return code 0